                :-) GROMACS - gmx mdrun, 2021.4-plumed-2.7.3 (-:

                            GROMACS is written by:
     Andrey Alekseenko              Emile Apol              Rossen Apostolov     
         Paul Bauer           Herman J.C. Berendsen           Par Bjelkmar       
       Christian Blau           Viacheslav Bolnykh             Kevin Boyd        
     Aldert van Buuren           Rudi van Drunen             Anton Feenstra      
    Gilles Gouaillardet             Alan Gray               Gerrit Groenhof      
       Anca Hamuraru            Vincent Hindriksen          M. Eric Irrgang      
      Aleksei Iupinov           Christoph Junghans             Joe Jordan        
    Dimitrios Karkoulis            Peter Kasson                Jiri Kraus        
      Carsten Kutzner              Per Larsson              Justin A. Lemkul     
       Viveca Lindahl            Magnus Lundborg             Erik Marklund       
        Pascal Merz             Pieter Meulenhoff            Teemu Murtola       
        Szilard Pall               Sander Pronk              Roland Schulz       
       Michael Shirts            Alexey Shvetsov             Alfons Sijbers      
       Peter Tieleman              Jon Vincent              Teemu Virolainen     
     Christian Wennberg            Maarten Wolf              Artem Zhmurov       
                           and the project leaders:
        Mark Abraham, Berk Hess, Erik Lindahl, and David van der Spoel

Copyright (c) 1991-2000, University of Groningen, The Netherlands.
Copyright (c) 2001-2019, The GROMACS development team at
Uppsala University, Stockholm University and
the Royal Institute of Technology, Sweden.
check out http://www.gromacs.org for more information.

GROMACS is free software; you can redistribute it and/or modify it
under the terms of the GNU Lesser General Public License
as published by the Free Software Foundation; either version 2.1
of the License, or (at your option) any later version.

GROMACS:      gmx mdrun, version 2021.4-plumed-2.7.3
Executable:   /usr/local/gromacs/bin/gmx
Data prefix:  /usr/local/gromacs
Working dir:  /home/wei-tse/Documents/alchemical_MetaD/System_3/Vanilla/host/Equil/NVT
Process ID:   13720
Command line:
  gmx mdrun -s host_equil.tpr -deffnm host_equil

GROMACS version:    2021.4-plumed-2.7.3
Precision:          mixed
Memory model:       64 bit
MPI library:        thread_mpi
OpenMP support:     enabled (GMX_OPENMP_MAX_THREADS = 64)
GPU support:        disabled
SIMD instructions:  AVX2_256
FFT library:        fftw-3.3.8-sse2-avx-avx2-avx2_128
RDTSCP usage:       enabled
TNG support:        enabled
Hwloc support:      disabled
Tracing support:    disabled
C compiler:         /usr/bin/gcc-7 GNU 7.5.0
C compiler flags:   -mavx2 -mfma -Wno-missing-field-initializers -fexcess-precision=fast -funroll-all-loops -O3 -DNDEBUG
C++ compiler:       /usr/bin/g++-7 GNU 7.5.0
C++ compiler flags: -mavx2 -mfma -Wno-missing-field-initializers -fexcess-precision=fast -funroll-all-loops -fopenmp -O3 -DNDEBUG


Running on 1 node with total 8 cores, 16 logical cores
Hardware detected:
  CPU info:
    Vendor: Intel
    Brand:  Intel(R) Xeon(R) Silver 4110 CPU @ 2.10GHz
    Family: 6   Model: 85   Stepping: 4
    Features: aes apic avx avx2 avx512f avx512cd avx512bw avx512vl clfsh cmov cx8 cx16 f16c fma hle htt intel lahf mmx msr nonstop_tsc pcid pclmuldq pdcm pdpe1gb popcnt pse rdrnd rdtscp rtm sse2 sse3 sse4.1 sse4.2 ssse3 tdt x2apic
    Number of AVX-512 FMA units: 1 (AVX2 is faster w/o 2 AVX-512 FMA units)
  Hardware topology: Basic
    Sockets, cores, and logical processors:
      Socket  0: [   0   8] [   1   9] [   2  10] [   3  11] [   4  12] [   5  13] [   6  14] [   7  15]


++++ PLEASE READ AND CITE THE FOLLOWING REFERENCE ++++
M. J. Abraham, T. Murtola, R. Schulz, S. Páll, J. C. Smith, B. Hess, E.
Lindahl
GROMACS: High performance molecular simulations through multi-level
parallelism from laptops to supercomputers
SoftwareX 1 (2015) pp. 19-25
-------- -------- --- Thank You --- -------- --------


++++ PLEASE READ AND CITE THE FOLLOWING REFERENCE ++++
S. Páll, M. J. Abraham, C. Kutzner, B. Hess, E. Lindahl
Tackling Exascale Software Challenges in Molecular Dynamics Simulations with
GROMACS
In S. Markidis & E. Laure (Eds.), Solving Software Challenges for Exascale 8759 (2015) pp. 3-27
-------- -------- --- Thank You --- -------- --------


++++ PLEASE READ AND CITE THE FOLLOWING REFERENCE ++++
S. Pronk, S. Páll, R. Schulz, P. Larsson, P. Bjelkmar, R. Apostolov, M. R.
Shirts, J. C. Smith, P. M. Kasson, D. van der Spoel, B. Hess, and E. Lindahl
GROMACS 4.5: a high-throughput and highly parallel open source molecular
simulation toolkit
Bioinformatics 29 (2013) pp. 845-54
-------- -------- --- Thank You --- -------- --------


++++ PLEASE READ AND CITE THE FOLLOWING REFERENCE ++++
B. Hess and C. Kutzner and D. van der Spoel and E. Lindahl
GROMACS 4: Algorithms for highly efficient, load-balanced, and scalable
molecular simulation
J. Chem. Theory Comput. 4 (2008) pp. 435-447
-------- -------- --- Thank You --- -------- --------


++++ PLEASE READ AND CITE THE FOLLOWING REFERENCE ++++
D. van der Spoel, E. Lindahl, B. Hess, G. Groenhof, A. E. Mark and H. J. C.
Berendsen
GROMACS: Fast, Flexible and Free
J. Comp. Chem. 26 (2005) pp. 1701-1719
-------- -------- --- Thank You --- -------- --------


++++ PLEASE READ AND CITE THE FOLLOWING REFERENCE ++++
E. Lindahl and B. Hess and D. van der Spoel
GROMACS 3.0: A package for molecular simulation and trajectory analysis
J. Mol. Mod. 7 (2001) pp. 306-317
-------- -------- --- Thank You --- -------- --------


++++ PLEASE READ AND CITE THE FOLLOWING REFERENCE ++++
H. J. C. Berendsen, D. van der Spoel and R. van Drunen
GROMACS: A message-passing parallel molecular dynamics implementation
Comp. Phys. Comm. 91 (1995) pp. 43-56
-------- -------- --- Thank You --- -------- --------

Input Parameters:
   integrator                     = md
   tinit                          = 0
   dt                             = 0.002
   nsteps                         = 100000
   init-step                      = 0
   simulation-part                = 1
   mts                            = false
   comm-mode                      = Linear
   nstcomm                        = 1
   bd-fric                        = 0
   ld-seed                        = -67190849
   emtol                          = 10
   emstep                         = 0.01
   niter                          = 20
   fcstep                         = 0
   nstcgsteep                     = 1000
   nbfgscorr                      = 10
   rtpi                           = 0.05
   nstxout                        = 0
   nstvout                        = 0
   nstfout                        = 0
   nstlog                         = 1000
   nstcalcenergy                  = 1
   nstenergy                      = 1000
   nstxout-compressed             = 1000
   compressed-x-precision         = 1000
   cutoff-scheme                  = Verlet
   nstlist                        = 10
   pbc                            = xyz
   periodic-molecules             = false
   verlet-buffer-tolerance        = 0.005
   rlist                          = 0.9
   coulombtype                    = PME
   coulomb-modifier               = Potential-shift
   rcoulomb-switch                = 0.89
   rcoulomb                       = 0.9
   epsilon-r                      = 1
   epsilon-rf                     = inf
   vdw-type                       = Cut-off
   vdw-modifier                   = Potential-switch
   rvdw-switch                    = 0.85
   rvdw                           = 0.9
   DispCorr                       = AllEnerPres
   table-extension                = 1
   fourierspacing                 = 0.1
   fourier-nx                     = 40
   fourier-ny                     = 40
   fourier-nz                     = 40
   pme-order                      = 4
   ewald-rtol                     = 1e-05
   ewald-rtol-lj                  = 0.001
   lj-pme-comb-rule               = Geometric
   ewald-geometry                 = 0
   epsilon-surface                = 0
   tcoupl                         = V-rescale
   nsttcouple                     = 1
   nh-chain-length                = 0
   print-nose-hoover-chain-variables = false
   pcoupl                         = No
   pcoupltype                     = Isotropic
   nstpcouple                     = -1
   tau-p                          = 1
   compressibility (3x3):
      compressibility[    0]={ 0.00000e+00,  0.00000e+00,  0.00000e+00}
      compressibility[    1]={ 0.00000e+00,  0.00000e+00,  0.00000e+00}
      compressibility[    2]={ 0.00000e+00,  0.00000e+00,  0.00000e+00}
   ref-p (3x3):
      ref-p[    0]={ 0.00000e+00,  0.00000e+00,  0.00000e+00}
      ref-p[    1]={ 0.00000e+00,  0.00000e+00,  0.00000e+00}
      ref-p[    2]={ 0.00000e+00,  0.00000e+00,  0.00000e+00}
   refcoord-scaling               = No
   posres-com (3):
      posres-com[0]= 0.00000e+00
      posres-com[1]= 0.00000e+00
      posres-com[2]= 0.00000e+00
   posres-comB (3):
      posres-comB[0]= 0.00000e+00
      posres-comB[1]= 0.00000e+00
      posres-comB[2]= 0.00000e+00
   QMMM                           = false
qm-opts:
   ngQM                           = 0
   constraint-algorithm           = Lincs
   continuation                   = false
   Shake-SOR                      = false
   shake-tol                      = 0.0001
   lincs-order                    = 12
   lincs-iter                     = 2
   lincs-warnangle                = 30
   nwall                          = 0
   wall-type                      = 9-3
   wall-r-linpot                  = -1
   wall-atomtype[0]               = -1
   wall-atomtype[1]               = -1
   wall-density[0]                = 0
   wall-density[1]                = 0
   wall-ewald-zfac                = 3
   pull                           = false
   awh                            = false
   rotation                       = false
   interactiveMD                  = false
   disre                          = No
   disre-weighting                = Conservative
   disre-mixed                    = false
   dr-fc                          = 1000
   dr-tau                         = 0
   nstdisreout                    = 100
   orire-fc                       = 0
   orire-tau                      = 0
   nstorireout                    = 100
   free-energy                    = no
   cos-acceleration               = 0
   deform (3x3):
      deform[    0]={ 0.00000e+00,  0.00000e+00,  0.00000e+00}
      deform[    1]={ 0.00000e+00,  0.00000e+00,  0.00000e+00}
      deform[    2]={ 0.00000e+00,  0.00000e+00,  0.00000e+00}
   simulated-tempering            = false
   swapcoords                     = no
   userint1                       = 0
   userint2                       = 0
   userint3                       = 0
   userint4                       = 0
   userreal1                      = 0
   userreal2                      = 0
   userreal3                      = 0
   userreal4                      = 0
   applied-forces:
     electric-field:
       x:
         E0                       = 0
         omega                    = 0
         t0                       = 0
         sigma                    = 0
       y:
         E0                       = 0
         omega                    = 0
         t0                       = 0
         sigma                    = 0
       z:
         E0                       = 0
         omega                    = 0
         t0                       = 0
         sigma                    = 0
     density-guided-simulation:
       active                     = false
       group                      = protein
       similarity-measure         = inner-product
       atom-spreading-weight      = unity
       force-constant             = 1e+09
       gaussian-transform-spreading-width = 0.2
       gaussian-transform-spreading-range-in-multiples-of-width = 4
       reference-density-filename = reference.mrc
       nst                        = 1
       normalize-densities        = true
       adaptive-force-scaling     = false
       adaptive-force-scaling-time-constant = 4
       shift-vector               = 
       transformation-matrix      = 
grpopts:
   nrdf:        9333
   ref-t:         298
   tau-t:         0.5
annealing:          No
annealing-npoints:           0
   acc:	           0           0           0
   nfreeze:           N           N           N
   energygrp-flags[  0]: 0

Changing nstlist from 10 to 40, rlist from 0.9 to 1.001

Using 1 MPI thread
Using 16 OpenMP threads 

Pinning threads with an auto-selected logical core stride of 1
System total charge: -0.000
Will do PME sum in reciprocal space for electrostatic interactions.

++++ PLEASE READ AND CITE THE FOLLOWING REFERENCE ++++
U. Essmann, L. Perera, M. L. Berkowitz, T. Darden, H. Lee and L. G. Pedersen 
A smooth particle mesh Ewald method
J. Chem. Phys. 103 (1995) pp. 8577-8592
-------- -------- --- Thank You --- -------- --------

Using a Gaussian width (1/beta) of 0.288146 nm for Ewald
Potential shift: LJ r^-12: 0.000e+00 r^-6: 0.000e+00, Ewald -1.111e-05
Initialized non-bonded Ewald tables, spacing: 8.85e-04 size: 1018

Generated table with 1000 data points for 1-4 COUL.
Tabscale = 500 points/nm
Generated table with 1000 data points for 1-4 LJ6.
Tabscale = 500 points/nm
Generated table with 1000 data points for 1-4 LJ12.
Tabscale = 500 points/nm
Long Range LJ corr.: <C6> 3.0217e-04 <C12> 3.0809e-07


Using SIMD 4x8 nonbonded short-range kernels

Using a dual 4x8 pair-list setup updated with dynamic pruning:
  outer list: updated every 40 steps, buffer 0.101 nm, rlist 1.001 nm
  inner list: updated every 11 steps, buffer 0.001 nm, rlist 0.901 nm
At tolerance 0.005 kJ/mol/ps per atom, equivalent classical 1x1 list would be:
  outer list: updated every 40 steps, buffer 0.208 nm, rlist 1.108 nm
  inner list: updated every 11 steps, buffer 0.041 nm, rlist 0.941 nm
Removing pbc first time

Initializing LINear Constraint Solver

++++ PLEASE READ AND CITE THE FOLLOWING REFERENCE ++++
B. Hess and H. Bekker and H. J. C. Berendsen and J. G. E. M. Fraaije
LINCS: A Linear Constraint Solver for molecular simulations
J. Comp. Chem. 18 (1997) pp. 1463-1472
-------- -------- --- Thank You --- -------- --------

The number of constraints is 48

++++ PLEASE READ AND CITE THE FOLLOWING REFERENCE ++++
S. Miyamoto and P. A. Kollman
SETTLE: An Analytical Version of the SHAKE and RATTLE Algorithms for Rigid
Water Models
J. Comp. Chem. 13 (1992) pp. 952-962
-------- -------- --- Thank You --- -------- --------


++++ PLEASE READ AND CITE THE FOLLOWING REFERENCE ++++
G. Bussi, D. Donadio and M. Parrinello
Canonical sampling through velocity rescaling
J. Chem. Phys. 126 (2007) pp. 014101
-------- -------- --- Thank You --- -------- --------

There are: 4615 Atoms

Constraining the starting coordinates (step 0)

Constraining the coordinates at t0-dt (step 0)
Center of mass motion removal mode is Linear
We have the following groups for center of mass motion removal:
  0:  rest
RMS relative constraint deviation after constraining: 4.76e-07
Initial temperature: 296.989 K

Started mdrun on rank 0 Fri Apr 29 15:18:15 2022

           Step           Time
              0        0.00000

   Energies (kJ/mol)
           Bond          Angle    Proper Dih. Ryckaert-Bell.  Improper Dih.
    9.79348e+00    5.88014e+02    9.07849e+01    2.35035e+02    4.63214e+01
          LJ-14     Coulomb-14        LJ (SR)  Disper. corr.   Coulomb (SR)
    3.78726e+01   -1.17959e+04    1.06524e+04   -4.09693e+02   -7.90599e+04
   Coul. recip.      Potential    Kinetic En.   Total Energy  Conserved En.
    5.96565e+02   -7.90088e+04    1.15165e+04   -6.74922e+04   -6.74795e+04
    Temperature Pres. DC (bar) Pressure (bar)   Constr. rmsd
    2.96822e+02   -1.38386e+02   -4.25135e+03    4.58397e-07

           Step           Time
           1000        2.00000

   Energies (kJ/mol)
           Bond          Angle    Proper Dih. Ryckaert-Bell.  Improper Dih.
    1.32550e+02    7.72736e+02    1.18741e+02    2.33665e+02    6.42684e+01
          LJ-14     Coulomb-14        LJ (SR)  Disper. corr.   Coulomb (SR)
    5.40874e+01   -1.18490e+04    9.62741e+03   -4.09693e+02   -6.85309e+04
   Coul. recip.      Potential    Kinetic En.   Total Energy  Conserved En.
    5.93349e+02   -6.91927e+04    1.07693e+04   -5.84234e+04   -6.74077e+04
    Temperature Pres. DC (bar) Pressure (bar)   Constr. rmsd
    2.77562e+02   -1.38386e+02   -9.27172e+02    4.98466e-07

           Step           Time
           2000        4.00000

   Energies (kJ/mol)
           Bond          Angle    Proper Dih. Ryckaert-Bell.  Improper Dih.
    1.45786e+02    7.66513e+02    1.32582e+02    2.32242e+02    6.26828e+01
          LJ-14     Coulomb-14        LJ (SR)  Disper. corr.   Coulomb (SR)
    4.79579e+01   -1.18196e+04    9.33641e+03   -4.09693e+02   -6.69680e+04
   Coul. recip.      Potential    Kinetic En.   Total Energy  Conserved En.
    6.81494e+02   -6.77917e+04    1.13619e+04   -5.64298e+04   -6.74213e+04
    Temperature Pres. DC (bar) Pressure (bar)   Constr. rmsd
    2.92837e+02   -1.38386e+02   -5.08412e+02    4.78851e-07

           Step           Time
           3000        6.00000

   Energies (kJ/mol)
           Bond          Angle    Proper Dih. Ryckaert-Bell.  Improper Dih.
    1.32661e+02    8.05034e+02    1.39614e+02    2.33586e+02    5.67661e+01
          LJ-14     Coulomb-14        LJ (SR)  Disper. corr.   Coulomb (SR)
    5.24559e+01   -1.18304e+04    8.84578e+03   -4.09693e+02   -6.61690e+04
   Coul. recip.      Potential    Kinetic En.   Total Energy  Conserved En.
    7.11319e+02   -6.74320e+04    1.13988e+04   -5.60331e+04   -6.73869e+04
    Temperature Pres. DC (bar) Pressure (bar)   Constr. rmsd
    2.93788e+02   -1.38386e+02   -8.19396e+02    4.90080e-07

           Step           Time
           4000        8.00000

   Energies (kJ/mol)
           Bond          Angle    Proper Dih. Ryckaert-Bell.  Improper Dih.
    1.54527e+02    8.29080e+02    1.39286e+02    2.33197e+02    6.64593e+01
          LJ-14     Coulomb-14        LJ (SR)  Disper. corr.   Coulomb (SR)
    5.73298e+01   -1.18126e+04    9.11035e+03   -4.09693e+02   -6.64350e+04
   Coul. recip.      Potential    Kinetic En.   Total Energy  Conserved En.
    6.74193e+02   -6.73928e+04    1.13488e+04   -5.60440e+04   -6.74185e+04
    Temperature Pres. DC (bar) Pressure (bar)   Constr. rmsd
    2.92499e+02   -1.38386e+02   -8.05277e+02    5.10786e-07

           Step           Time
           5000       10.00000

   Energies (kJ/mol)
           Bond          Angle    Proper Dih. Ryckaert-Bell.  Improper Dih.
    1.43621e+02    8.05847e+02    1.55287e+02    2.33597e+02    5.04199e+01
          LJ-14     Coulomb-14        LJ (SR)  Disper. corr.   Coulomb (SR)
    5.25151e+01   -1.18201e+04    8.72406e+03   -4.09693e+02   -6.58444e+04
   Coul. recip.      Potential    Kinetic En.   Total Energy  Conserved En.
    7.05341e+02   -6.72035e+04    1.13357e+04   -5.58678e+04   -6.74085e+04
    Temperature Pres. DC (bar) Pressure (bar)   Constr. rmsd
    2.92162e+02   -1.38386e+02   -1.04676e+03    4.54180e-07

           Step           Time
           6000       12.00000

   Energies (kJ/mol)
           Bond          Angle    Proper Dih. Ryckaert-Bell.  Improper Dih.
    1.63872e+02    8.40722e+02    1.25025e+02    2.32444e+02    4.73323e+01
          LJ-14     Coulomb-14        LJ (SR)  Disper. corr.   Coulomb (SR)
    4.65886e+01   -1.17715e+04    9.16222e+03   -4.09693e+02   -6.65373e+04
   Coul. recip.      Potential    Kinetic En.   Total Energy  Conserved En.
    6.68567e+02   -6.74318e+04    1.13093e+04   -5.61224e+04   -6.74182e+04
    Temperature Pres. DC (bar) Pressure (bar)   Constr. rmsd
    2.91482e+02   -1.38386e+02   -5.24739e+02    4.96532e-07

           Step           Time
           7000       14.00000

   Energies (kJ/mol)
           Bond          Angle    Proper Dih. Ryckaert-Bell.  Improper Dih.
    1.44559e+02    7.99352e+02    1.25014e+02    2.34072e+02    6.85373e+01
          LJ-14     Coulomb-14        LJ (SR)  Disper. corr.   Coulomb (SR)
    5.56300e+01   -1.18412e+04    8.97706e+03   -4.09693e+02   -6.64883e+04
   Coul. recip.      Potential    Kinetic En.   Total Energy  Conserved En.
    7.42560e+02   -6.75924e+04    1.16318e+04   -5.59606e+04   -6.74039e+04
    Temperature Pres. DC (bar) Pressure (bar)   Constr. rmsd
    2.99793e+02   -1.38386e+02   -6.66018e+02    5.43569e-07

           Step           Time
           8000       16.00000

   Energies (kJ/mol)
           Bond          Angle    Proper Dih. Ryckaert-Bell.  Improper Dih.
    1.41586e+02    8.48865e+02    1.26038e+02    2.34263e+02    4.70772e+01
          LJ-14     Coulomb-14        LJ (SR)  Disper. corr.   Coulomb (SR)
    5.68295e+01   -1.17740e+04    8.75535e+03   -4.09693e+02   -6.58171e+04
   Coul. recip.      Potential    Kinetic En.   Total Energy  Conserved En.
    7.24529e+02   -6.70663e+04    1.15561e+04   -5.55102e+04   -6.74024e+04
    Temperature Pres. DC (bar) Pressure (bar)   Constr. rmsd
    2.97841e+02   -1.38386e+02   -5.15758e+02    5.03121e-07

           Step           Time
           9000       18.00000

   Energies (kJ/mol)
           Bond          Angle    Proper Dih. Ryckaert-Bell.  Improper Dih.
    1.31936e+02    8.05858e+02    1.43192e+02    2.34086e+02    7.12767e+01
          LJ-14     Coulomb-14        LJ (SR)  Disper. corr.   Coulomb (SR)
    4.80966e+01   -1.18203e+04    8.18253e+03   -4.09693e+02   -6.52371e+04
   Coul. recip.      Potential    Kinetic En.   Total Energy  Conserved En.
    7.46379e+02   -6.71037e+04    1.16920e+04   -5.54117e+04   -6.74142e+04
    Temperature Pres. DC (bar) Pressure (bar)   Constr. rmsd
    3.01345e+02   -1.38386e+02   -1.49507e+03    4.97276e-07

           Step           Time
          10000       20.00000

   Energies (kJ/mol)
           Bond          Angle    Proper Dih. Ryckaert-Bell.  Improper Dih.
    1.52564e+02    8.40067e+02    1.16614e+02    2.34056e+02    4.62983e+01
          LJ-14     Coulomb-14        LJ (SR)  Disper. corr.   Coulomb (SR)
    5.06488e+01   -1.18503e+04    8.88226e+03   -4.09693e+02   -6.57369e+04
   Coul. recip.      Potential    Kinetic En.   Total Energy  Conserved En.
    6.93105e+02   -6.69813e+04    1.17471e+04   -5.52341e+04   -6.74059e+04
    Temperature Pres. DC (bar) Pressure (bar)   Constr. rmsd
    3.02766e+02   -1.38386e+02   -3.32917e+02    5.89114e-07

           Step           Time
          11000       22.00000

   Energies (kJ/mol)
           Bond          Angle    Proper Dih. Ryckaert-Bell.  Improper Dih.
    1.30417e+02    8.23002e+02    1.37321e+02    2.33294e+02    6.57575e+01
          LJ-14     Coulomb-14        LJ (SR)  Disper. corr.   Coulomb (SR)
    4.24379e+01   -1.17708e+04    8.70100e+03   -4.09693e+02   -6.59546e+04
   Coul. recip.      Potential    Kinetic En.   Total Energy  Conserved En.
    6.89254e+02   -6.73126e+04    1.14785e+04   -5.58341e+04   -6.74111e+04
    Temperature Pres. DC (bar) Pressure (bar)   Constr. rmsd
    2.95842e+02   -1.38386e+02   -1.21857e+03    5.26625e-07

           Step           Time
          12000       24.00000

   Energies (kJ/mol)
           Bond          Angle    Proper Dih. Ryckaert-Bell.  Improper Dih.
    1.71328e+02    8.49913e+02    1.26455e+02    2.32967e+02    5.43715e+01
          LJ-14     Coulomb-14        LJ (SR)  Disper. corr.   Coulomb (SR)
    5.67150e+01   -1.18031e+04    9.02197e+03   -4.09693e+02   -6.61339e+04
   Coul. recip.      Potential    Kinetic En.   Total Energy  Conserved En.
    7.09164e+02   -6.71238e+04    1.18915e+04   -5.52323e+04   -6.74099e+04
    Temperature Pres. DC (bar) Pressure (bar)   Constr. rmsd
    3.06487e+02   -1.38386e+02   -7.03030e+02    6.01362e-07

           Step           Time
          13000       26.00000

   Energies (kJ/mol)
           Bond          Angle    Proper Dih. Ryckaert-Bell.  Improper Dih.
    1.65873e+02    8.23587e+02    1.38777e+02    2.33999e+02    5.61547e+01
          LJ-14     Coulomb-14        LJ (SR)  Disper. corr.   Coulomb (SR)
    5.18239e+01   -1.18190e+04    8.86723e+03   -4.09693e+02   -6.63322e+04
   Coul. recip.      Potential    Kinetic En.   Total Energy  Conserved En.
    6.71147e+02   -6.75523e+04    1.17502e+04   -5.58021e+04   -6.74207e+04
    Temperature Pres. DC (bar) Pressure (bar)   Constr. rmsd
    3.02844e+02   -1.38386e+02   -9.17044e+02    4.82009e-07

           Step           Time
          14000       28.00000

   Energies (kJ/mol)
           Bond          Angle    Proper Dih. Ryckaert-Bell.  Improper Dih.
    1.47564e+02    7.93978e+02    1.15024e+02    2.33762e+02    5.49887e+01
          LJ-14     Coulomb-14        LJ (SR)  Disper. corr.   Coulomb (SR)
    4.23520e+01   -1.17396e+04    8.62207e+03   -4.09693e+02   -6.56770e+04
   Coul. recip.      Potential    Kinetic En.   Total Energy  Conserved En.
    7.14380e+02   -6.71021e+04    1.17412e+04   -5.53609e+04   -6.74202e+04
    Temperature Pres. DC (bar) Pressure (bar)   Constr. rmsd
    3.02613e+02   -1.38386e+02   -1.21417e+03    5.97844e-07

           Step           Time
          15000       30.00000

   Energies (kJ/mol)
           Bond          Angle    Proper Dih. Ryckaert-Bell.  Improper Dih.
    1.53215e+02    8.58837e+02    1.14406e+02    2.33686e+02    5.58550e+01
          LJ-14     Coulomb-14        LJ (SR)  Disper. corr.   Coulomb (SR)
    5.47197e+01   -1.17559e+04    8.96467e+03   -4.09693e+02   -6.60857e+04
   Coul. recip.      Potential    Kinetic En.   Total Energy  Conserved En.
    7.28348e+02   -6.70875e+04    1.15250e+04   -5.55626e+04   -6.74036e+04
    Temperature Pres. DC (bar) Pressure (bar)   Constr. rmsd
    2.97039e+02   -1.38386e+02   -6.04837e+02    4.45210e-07

           Step           Time
          16000       32.00000

   Energies (kJ/mol)
           Bond          Angle    Proper Dih. Ryckaert-Bell.  Improper Dih.
    1.31936e+02    8.66128e+02    1.14310e+02    2.33301e+02    4.57068e+01
          LJ-14     Coulomb-14        LJ (SR)  Disper. corr.   Coulomb (SR)
    5.40605e+01   -1.17925e+04    8.76894e+03   -4.09693e+02   -6.60235e+04
   Coul. recip.      Potential    Kinetic En.   Total Energy  Conserved En.
    7.22158e+02   -6.72892e+04    1.14606e+04   -5.58285e+04   -6.74115e+04
    Temperature Pres. DC (bar) Pressure (bar)   Constr. rmsd
    2.95381e+02   -1.38386e+02   -8.53168e+02    5.84321e-07

           Step           Time
          17000       34.00000

   Energies (kJ/mol)
           Bond          Angle    Proper Dih. Ryckaert-Bell.  Improper Dih.
    1.61189e+02    8.12941e+02    1.16739e+02    2.32830e+02    4.79100e+01
          LJ-14     Coulomb-14        LJ (SR)  Disper. corr.   Coulomb (SR)
    5.10091e+01   -1.17663e+04    8.15998e+03   -4.09693e+02   -6.53232e+04
   Coul. recip.      Potential    Kinetic En.   Total Energy  Conserved En.
    6.90669e+02   -6.72260e+04    1.10764e+04   -5.61495e+04   -6.74158e+04
    Temperature Pres. DC (bar) Pressure (bar)   Constr. rmsd
    2.85479e+02   -1.38386e+02   -1.41771e+03    4.55888e-07

           Step           Time
          18000       36.00000

   Energies (kJ/mol)
           Bond          Angle    Proper Dih. Ryckaert-Bell.  Improper Dih.
    1.37107e+02    8.09992e+02    1.33192e+02    2.33726e+02    5.46518e+01
          LJ-14     Coulomb-14        LJ (SR)  Disper. corr.   Coulomb (SR)
    4.55824e+01   -1.18326e+04    8.86463e+03   -4.09693e+02   -6.58718e+04
   Coul. recip.      Potential    Kinetic En.   Total Energy  Conserved En.
    7.22075e+02   -6.71131e+04    1.15807e+04   -5.55324e+04   -6.74172e+04
    Temperature Pres. DC (bar) Pressure (bar)   Constr. rmsd
    2.98475e+02   -1.38386e+02   -9.01006e+02    5.89868e-07

           Step           Time
          19000       38.00000

   Energies (kJ/mol)
           Bond          Angle    Proper Dih. Ryckaert-Bell.  Improper Dih.
    1.43370e+02    7.52585e+02    1.21727e+02    2.34489e+02    5.97207e+01
          LJ-14     Coulomb-14        LJ (SR)  Disper. corr.   Coulomb (SR)
    5.35214e+01   -1.18215e+04    8.88546e+03   -4.09693e+02   -6.59874e+04
   Coul. recip.      Potential    Kinetic En.   Total Energy  Conserved En.
    6.97937e+02   -6.72698e+04    1.17570e+04   -5.55127e+04   -6.74035e+04
    Temperature Pres. DC (bar) Pressure (bar)   Constr. rmsd
    3.03021e+02   -1.38386e+02   -4.83300e+02    5.07296e-07

           Step           Time
          20000       40.00000

   Energies (kJ/mol)
           Bond          Angle    Proper Dih. Ryckaert-Bell.  Improper Dih.
    1.35636e+02    7.97809e+02    1.19767e+02    2.34340e+02    5.14718e+01
          LJ-14     Coulomb-14        LJ (SR)  Disper. corr.   Coulomb (SR)
    3.48464e+01   -1.17294e+04    8.79388e+03   -4.09693e+02   -6.57680e+04
   Coul. recip.      Potential    Kinetic En.   Total Energy  Conserved En.
    6.98081e+02   -6.70412e+04    1.15119e+04   -5.55294e+04   -6.74144e+04
    Temperature Pres. DC (bar) Pressure (bar)   Constr. rmsd
    2.96702e+02   -1.38386e+02   -9.35706e+02    5.10714e-07

           Step           Time
          21000       42.00000

   Energies (kJ/mol)
           Bond          Angle    Proper Dih. Ryckaert-Bell.  Improper Dih.
    1.60251e+02    8.15960e+02    1.45209e+02    2.34335e+02    6.21047e+01
          LJ-14     Coulomb-14        LJ (SR)  Disper. corr.   Coulomb (SR)
    4.79948e+01   -1.18176e+04    8.71605e+03   -4.09693e+02   -6.62620e+04
   Coul. recip.      Potential    Kinetic En.   Total Energy  Conserved En.
    6.96828e+02   -6.76106e+04    1.15740e+04   -5.60366e+04   -6.74112e+04
    Temperature Pres. DC (bar) Pressure (bar)   Constr. rmsd
    2.98303e+02   -1.38386e+02   -1.39207e+03    5.39057e-07

           Step           Time
          22000       44.00000

   Energies (kJ/mol)
           Bond          Angle    Proper Dih. Ryckaert-Bell.  Improper Dih.
    1.53294e+02    8.22996e+02    1.34520e+02    2.33954e+02    5.60209e+01
          LJ-14     Coulomb-14        LJ (SR)  Disper. corr.   Coulomb (SR)
    3.75854e+01   -1.17948e+04    8.31877e+03   -4.09693e+02   -6.56980e+04
   Coul. recip.      Potential    Kinetic En.   Total Energy  Conserved En.
    6.47221e+02   -6.74982e+04    1.15161e+04   -5.59821e+04   -6.74126e+04
    Temperature Pres. DC (bar) Pressure (bar)   Constr. rmsd
    2.96811e+02   -1.38386e+02   -1.77826e+03    4.81855e-07

           Step           Time
          23000       46.00000

   Energies (kJ/mol)
           Bond          Angle    Proper Dih. Ryckaert-Bell.  Improper Dih.
    1.66291e+02    8.27204e+02    1.40654e+02    2.33213e+02    5.90828e+01
          LJ-14     Coulomb-14        LJ (SR)  Disper. corr.   Coulomb (SR)
    4.84255e+01   -1.17870e+04    7.79504e+03   -4.09693e+02   -6.47322e+04
   Coul. recip.      Potential    Kinetic En.   Total Energy  Conserved En.
    7.02169e+02   -6.69569e+04    1.17014e+04   -5.52554e+04   -6.74234e+04
    Temperature Pres. DC (bar) Pressure (bar)   Constr. rmsd
    3.01588e+02   -1.38386e+02   -1.62014e+03    4.84841e-07

           Step           Time
          24000       48.00000

   Energies (kJ/mol)
           Bond          Angle    Proper Dih. Ryckaert-Bell.  Improper Dih.
    1.56537e+02    7.89745e+02    1.29698e+02    2.34273e+02    6.10288e+01
          LJ-14     Coulomb-14        LJ (SR)  Disper. corr.   Coulomb (SR)
    4.16806e+01   -1.17647e+04    8.78267e+03   -4.09693e+02   -6.60698e+04
   Coul. recip.      Potential    Kinetic En.   Total Energy  Conserved En.
    7.00828e+02   -6.73477e+04    1.14693e+04   -5.58785e+04   -6.74150e+04
    Temperature Pres. DC (bar) Pressure (bar)   Constr. rmsd
    2.95604e+02   -1.38386e+02   -9.80856e+02    5.17409e-07

           Step           Time
          25000       50.00000

   Energies (kJ/mol)
           Bond          Angle    Proper Dih. Ryckaert-Bell.  Improper Dih.
    1.38914e+02    7.95766e+02    1.32207e+02    2.34019e+02    4.90392e+01
          LJ-14     Coulomb-14        LJ (SR)  Disper. corr.   Coulomb (SR)
    4.19491e+01   -1.17793e+04    9.12530e+03   -4.09693e+02   -6.61600e+04
   Coul. recip.      Potential    Kinetic En.   Total Energy  Conserved En.
    6.82737e+02   -6.71491e+04    1.14530e+04   -5.56961e+04   -6.74207e+04
    Temperature Pres. DC (bar) Pressure (bar)   Constr. rmsd
    2.95185e+02   -1.38386e+02   -6.87922e+02    5.07151e-07

           Step           Time
          26000       52.00000

   Energies (kJ/mol)
           Bond          Angle    Proper Dih. Ryckaert-Bell.  Improper Dih.
    1.24978e+02    7.95657e+02    1.43914e+02    2.33029e+02    6.95758e+01
          LJ-14     Coulomb-14        LJ (SR)  Disper. corr.   Coulomb (SR)
    5.00430e+01   -1.18449e+04    8.66632e+03   -4.09693e+02   -6.59748e+04
   Coul. recip.      Potential    Kinetic En.   Total Energy  Conserved En.
    6.56006e+02   -6.74898e+04    1.18046e+04   -5.56852e+04   -6.74209e+04
    Temperature Pres. DC (bar) Pressure (bar)   Constr. rmsd
    3.04247e+02   -1.38386e+02   -1.30862e+03    5.58678e-07

           Step           Time
          27000       54.00000

   Energies (kJ/mol)
           Bond          Angle    Proper Dih. Ryckaert-Bell.  Improper Dih.
    1.70862e+02    7.95868e+02    1.30281e+02    2.34444e+02    5.70067e+01
          LJ-14     Coulomb-14        LJ (SR)  Disper. corr.   Coulomb (SR)
    3.96628e+01   -1.17877e+04    8.44160e+03   -4.09693e+02   -6.50703e+04
   Coul. recip.      Potential    Kinetic En.   Total Energy  Conserved En.
    7.29267e+02   -6.66687e+04    1.14635e+04   -5.52052e+04   -6.74258e+04
    Temperature Pres. DC (bar) Pressure (bar)   Constr. rmsd
    2.95454e+02   -1.38386e+02   -1.18460e+03    4.97574e-07

           Step           Time
          28000       56.00000

   Energies (kJ/mol)
           Bond          Angle    Proper Dih. Ryckaert-Bell.  Improper Dih.
    1.40318e+02    8.14513e+02    1.43158e+02    2.34020e+02    6.01362e+01
          LJ-14     Coulomb-14        LJ (SR)  Disper. corr.   Coulomb (SR)
    5.55528e+01   -1.18564e+04    8.48230e+03   -4.09693e+02   -6.56407e+04
   Coul. recip.      Potential    Kinetic En.   Total Energy  Conserved En.
    7.21652e+02   -6.72551e+04    1.16352e+04   -5.56199e+04   -6.74200e+04
    Temperature Pres. DC (bar) Pressure (bar)   Constr. rmsd
    2.99881e+02   -1.38386e+02   -1.00688e+03    5.49999e-07

           Step           Time
          29000       58.00000

   Energies (kJ/mol)
           Bond          Angle    Proper Dih. Ryckaert-Bell.  Improper Dih.
    1.55072e+02    8.27034e+02    1.47024e+02    2.32839e+02    8.62556e+01
          LJ-14     Coulomb-14        LJ (SR)  Disper. corr.   Coulomb (SR)
    5.29560e+01   -1.18565e+04    8.84960e+03   -4.09693e+02   -6.57732e+04
   Coul. recip.      Potential    Kinetic En.   Total Energy  Conserved En.
    7.24489e+02   -6.69642e+04    1.14762e+04   -5.54880e+04   -6.74082e+04
    Temperature Pres. DC (bar) Pressure (bar)   Constr. rmsd
    2.95782e+02   -1.38386e+02   -6.42682e+02    4.56537e-07

           Step           Time
          30000       60.00000

   Energies (kJ/mol)
           Bond          Angle    Proper Dih. Ryckaert-Bell.  Improper Dih.
    1.75374e+02    8.16545e+02    1.38876e+02    2.32531e+02    7.12634e+01
          LJ-14     Coulomb-14        LJ (SR)  Disper. corr.   Coulomb (SR)
    5.13893e+01   -1.18233e+04    8.39891e+03   -4.09693e+02   -6.55535e+04
   Coul. recip.      Potential    Kinetic En.   Total Energy  Conserved En.
    7.02434e+02   -6.71991e+04    1.15603e+04   -5.56389e+04   -6.74097e+04
    Temperature Pres. DC (bar) Pressure (bar)   Constr. rmsd
    2.97949e+02   -1.38386e+02   -1.23691e+03    5.14971e-07

           Step           Time
          31000       62.00000

   Energies (kJ/mol)
           Bond          Angle    Proper Dih. Ryckaert-Bell.  Improper Dih.
    1.45316e+02    7.98256e+02    1.21446e+02    2.33617e+02    5.56646e+01
          LJ-14     Coulomb-14        LJ (SR)  Disper. corr.   Coulomb (SR)
    5.58929e+01   -1.17643e+04    9.04884e+03   -4.09693e+02   -6.63209e+04
   Coul. recip.      Potential    Kinetic En.   Total Energy  Conserved En.
    7.46565e+02   -6.72893e+04    1.16892e+04   -5.56001e+04   -6.74267e+04
    Temperature Pres. DC (bar) Pressure (bar)   Constr. rmsd
    3.01272e+02   -1.38386e+02   -5.68156e+02    5.13892e-07

           Step           Time
          32000       64.00000

   Energies (kJ/mol)
           Bond          Angle    Proper Dih. Ryckaert-Bell.  Improper Dih.
    1.44009e+02    8.07100e+02    1.36228e+02    2.33637e+02    6.69979e+01
          LJ-14     Coulomb-14        LJ (SR)  Disper. corr.   Coulomb (SR)
    5.11653e+01   -1.18354e+04    8.80977e+03   -4.09693e+02   -6.55594e+04
   Coul. recip.      Potential    Kinetic En.   Total Energy  Conserved En.
    6.78927e+02   -6.68767e+04    1.12831e+04   -5.55936e+04   -6.74219e+04
    Temperature Pres. DC (bar) Pressure (bar)   Constr. rmsd
    2.90806e+02   -1.38386e+02   -6.51372e+02    4.66559e-07

           Step           Time
          33000       66.00000

   Energies (kJ/mol)
           Bond          Angle    Proper Dih. Ryckaert-Bell.  Improper Dih.
    1.48668e+02    7.71337e+02    1.34404e+02    2.33722e+02    6.38573e+01
          LJ-14     Coulomb-14        LJ (SR)  Disper. corr.   Coulomb (SR)
    4.58483e+01   -1.18069e+04    8.33850e+03   -4.09693e+02   -6.55262e+04
   Coul. recip.      Potential    Kinetic En.   Total Energy  Conserved En.
    7.36653e+02   -6.72698e+04    1.15167e+04   -5.57531e+04   -6.74274e+04
    Temperature Pres. DC (bar) Pressure (bar)   Constr. rmsd
    2.96826e+02   -1.38386e+02   -1.28208e+03    4.69091e-07

           Step           Time
          34000       68.00000

   Energies (kJ/mol)
           Bond          Angle    Proper Dih. Ryckaert-Bell.  Improper Dih.
    1.55191e+02    8.00392e+02    1.44273e+02    2.33332e+02    6.09827e+01
          LJ-14     Coulomb-14        LJ (SR)  Disper. corr.   Coulomb (SR)
    6.02216e+01   -1.18600e+04    8.92654e+03   -4.09693e+02   -6.59452e+04
   Coul. recip.      Potential    Kinetic En.   Total Energy  Conserved En.
    6.65730e+02   -6.71682e+04    1.17279e+04   -5.54403e+04   -6.74211e+04
    Temperature Pres. DC (bar) Pressure (bar)   Constr. rmsd
    3.02270e+02   -1.38386e+02   -5.06002e+02    4.63615e-07

           Step           Time
          35000       70.00000

   Energies (kJ/mol)
           Bond          Angle    Proper Dih. Ryckaert-Bell.  Improper Dih.
    1.44847e+02    7.93734e+02    1.33869e+02    2.34376e+02    5.08000e+01
          LJ-14     Coulomb-14        LJ (SR)  Disper. corr.   Coulomb (SR)
    5.72573e+01   -1.18348e+04    8.71514e+03   -4.09693e+02   -6.58260e+04
   Coul. recip.      Potential    Kinetic En.   Total Energy  Conserved En.
    7.04852e+02   -6.72356e+04    1.17099e+04   -5.55257e+04   -6.74305e+04
    Temperature Pres. DC (bar) Pressure (bar)   Constr. rmsd
    3.01807e+02   -1.38386e+02   -1.11889e+03    4.38256e-07

           Step           Time
          36000       72.00000

   Energies (kJ/mol)
           Bond          Angle    Proper Dih. Ryckaert-Bell.  Improper Dih.
    1.50836e+02    8.40886e+02    1.30108e+02    2.33661e+02    5.69313e+01
          LJ-14     Coulomb-14        LJ (SR)  Disper. corr.   Coulomb (SR)
    4.88858e+01   -1.17486e+04    8.52729e+03   -4.09693e+02   -6.55590e+04
   Coul. recip.      Potential    Kinetic En.   Total Energy  Conserved En.
    6.96034e+02   -6.70326e+04    1.15866e+04   -5.54460e+04   -6.74146e+04
    Temperature Pres. DC (bar) Pressure (bar)   Constr. rmsd
    2.98628e+02   -1.38386e+02   -1.15409e+03    5.82672e-07

           Step           Time
          37000       74.00000

   Energies (kJ/mol)
           Bond          Angle    Proper Dih. Ryckaert-Bell.  Improper Dih.
    1.59847e+02    8.37307e+02    1.22358e+02    2.33767e+02    4.95032e+01
          LJ-14     Coulomb-14        LJ (SR)  Disper. corr.   Coulomb (SR)
    5.26683e+01   -1.18256e+04    8.62761e+03   -4.09693e+02   -6.60376e+04
   Coul. recip.      Potential    Kinetic En.   Total Energy  Conserved En.
    7.07147e+02   -6.74827e+04    1.14607e+04   -5.60220e+04   -6.74337e+04
    Temperature Pres. DC (bar) Pressure (bar)   Constr. rmsd
    2.95383e+02   -1.38386e+02   -1.08592e+03    4.13848e-07

           Step           Time
          38000       76.00000

   Energies (kJ/mol)
           Bond          Angle    Proper Dih. Ryckaert-Bell.  Improper Dih.
    1.40369e+02    8.56875e+02    1.34430e+02    2.34265e+02    4.95763e+01
          LJ-14     Coulomb-14        LJ (SR)  Disper. corr.   Coulomb (SR)
    4.61225e+01   -1.17954e+04    8.75878e+03   -4.09693e+02   -6.61041e+04
   Coul. recip.      Potential    Kinetic En.   Total Energy  Conserved En.
    7.10889e+02   -6.73779e+04    1.16000e+04   -5.57780e+04   -6.74231e+04
    Temperature Pres. DC (bar) Pressure (bar)   Constr. rmsd
    2.98973e+02   -1.38386e+02   -1.13176e+03    4.94290e-07

           Step           Time
          39000       78.00000

   Energies (kJ/mol)
           Bond          Angle    Proper Dih. Ryckaert-Bell.  Improper Dih.
    1.92989e+02    8.46609e+02    1.28111e+02    2.32855e+02    5.57940e+01
          LJ-14     Coulomb-14        LJ (SR)  Disper. corr.   Coulomb (SR)
    5.20555e+01   -1.18333e+04    9.05143e+03   -4.09693e+02   -6.62763e+04
   Coul. recip.      Potential    Kinetic En.   Total Energy  Conserved En.
    6.92717e+02   -6.72667e+04    1.15551e+04   -5.57116e+04   -6.74074e+04
    Temperature Pres. DC (bar) Pressure (bar)   Constr. rmsd
    2.97815e+02   -1.38386e+02   -5.43171e+02    3.97333e-07

           Step           Time
          40000       80.00000

   Energies (kJ/mol)
           Bond          Angle    Proper Dih. Ryckaert-Bell.  Improper Dih.
    1.41298e+02    8.24919e+02    1.43839e+02    2.32786e+02    5.42982e+01
          LJ-14     Coulomb-14        LJ (SR)  Disper. corr.   Coulomb (SR)
    5.51597e+01   -1.18272e+04    8.67424e+03   -4.09693e+02   -6.56592e+04
   Coul. recip.      Potential    Kinetic En.   Total Energy  Conserved En.
    6.97670e+02   -6.70719e+04    1.13112e+04   -5.57607e+04   -6.74259e+04
    Temperature Pres. DC (bar) Pressure (bar)   Constr. rmsd
    2.91531e+02   -1.38386e+02   -8.75262e+02    4.33758e-07

           Step           Time
          41000       82.00000

   Energies (kJ/mol)
           Bond          Angle    Proper Dih. Ryckaert-Bell.  Improper Dih.
    2.13432e+02    7.87810e+02    1.35180e+02    2.33347e+02    6.87641e+01
          LJ-14     Coulomb-14        LJ (SR)  Disper. corr.   Coulomb (SR)
    4.79434e+01   -1.17901e+04    8.76156e+03   -4.09693e+02   -6.60226e+04
   Coul. recip.      Potential    Kinetic En.   Total Energy  Conserved En.
    6.95137e+02   -6.72792e+04    1.14129e+04   -5.58663e+04   -6.74332e+04
    Temperature Pres. DC (bar) Pressure (bar)   Constr. rmsd
    2.94151e+02   -1.38386e+02   -1.00258e+03    5.58611e-07

           Step           Time
          42000       84.00000

   Energies (kJ/mol)
           Bond          Angle    Proper Dih. Ryckaert-Bell.  Improper Dih.
    1.31262e+02    8.11656e+02    1.20929e+02    2.32518e+02    5.64055e+01
          LJ-14     Coulomb-14        LJ (SR)  Disper. corr.   Coulomb (SR)
    6.06466e+01   -1.18434e+04    8.75292e+03   -4.09693e+02   -6.60843e+04
   Coul. recip.      Potential    Kinetic En.   Total Energy  Conserved En.
    7.05499e+02   -6.74655e+04    1.15627e+04   -5.59029e+04   -6.74202e+04
    Temperature Pres. DC (bar) Pressure (bar)   Constr. rmsd
    2.98012e+02   -1.38386e+02   -8.67788e+02    5.27538e-07

           Step           Time
          43000       86.00000

   Energies (kJ/mol)
           Bond          Angle    Proper Dih. Ryckaert-Bell.  Improper Dih.
    1.87419e+02    7.88101e+02    1.26387e+02    2.33993e+02    4.80422e+01
          LJ-14     Coulomb-14        LJ (SR)  Disper. corr.   Coulomb (SR)
    4.42333e+01   -1.18158e+04    8.85532e+03   -4.09693e+02   -6.61115e+04
   Coul. recip.      Potential    Kinetic En.   Total Energy  Conserved En.
    6.85182e+02   -6.73683e+04    1.14936e+04   -5.58747e+04   -6.74305e+04
    Temperature Pres. DC (bar) Pressure (bar)   Constr. rmsd
    2.96232e+02   -1.38386e+02   -1.01698e+03    5.15115e-07

           Step           Time
          44000       88.00000

   Energies (kJ/mol)
           Bond          Angle    Proper Dih. Ryckaert-Bell.  Improper Dih.
    1.35310e+02    8.03922e+02    1.35499e+02    2.34061e+02    7.10722e+01
          LJ-14     Coulomb-14        LJ (SR)  Disper. corr.   Coulomb (SR)
    4.47866e+01   -1.17973e+04    8.92911e+03   -4.09693e+02   -6.61522e+04
   Coul. recip.      Potential    Kinetic En.   Total Energy  Conserved En.
    6.79605e+02   -6.73258e+04    1.15090e+04   -5.58168e+04   -6.74207e+04
    Temperature Pres. DC (bar) Pressure (bar)   Constr. rmsd
    2.96627e+02   -1.38386e+02   -8.47466e+02    4.08719e-07

           Step           Time
          45000       90.00000

   Energies (kJ/mol)
           Bond          Angle    Proper Dih. Ryckaert-Bell.  Improper Dih.
    1.64945e+02    8.20498e+02    1.29221e+02    2.33812e+02    5.24041e+01
          LJ-14     Coulomb-14        LJ (SR)  Disper. corr.   Coulomb (SR)
    4.94924e+01   -1.17511e+04    8.48916e+03   -4.09693e+02   -6.58205e+04
   Coul. recip.      Potential    Kinetic En.   Total Energy  Conserved En.
    7.13485e+02   -6.73282e+04    1.17458e+04   -5.55825e+04   -6.74396e+04
    Temperature Pres. DC (bar) Pressure (bar)   Constr. rmsd
    3.02731e+02   -1.38386e+02   -1.20611e+03    4.96382e-07

           Step           Time
          46000       92.00000

   Energies (kJ/mol)
           Bond          Angle    Proper Dih. Ryckaert-Bell.  Improper Dih.
    1.46981e+02    8.25955e+02    1.26605e+02    2.32791e+02    6.03347e+01
          LJ-14     Coulomb-14        LJ (SR)  Disper. corr.   Coulomb (SR)
    4.25516e+01   -1.17893e+04    9.19192e+03   -4.09693e+02   -6.63245e+04
   Coul. recip.      Potential    Kinetic En.   Total Energy  Conserved En.
    7.67156e+02   -6.71292e+04    1.15751e+04   -5.55541e+04   -6.74186e+04
    Temperature Pres. DC (bar) Pressure (bar)   Constr. rmsd
    2.98332e+02   -1.38386e+02   -5.64125e+02    4.73488e-07

           Step           Time
          47000       94.00000

   Energies (kJ/mol)
           Bond          Angle    Proper Dih. Ryckaert-Bell.  Improper Dih.
    1.22621e+02    8.24972e+02    1.29195e+02    2.32562e+02    5.80627e+01
          LJ-14     Coulomb-14        LJ (SR)  Disper. corr.   Coulomb (SR)
    4.99185e+01   -1.18188e+04    9.16271e+03   -4.09693e+02   -6.63905e+04
   Coul. recip.      Potential    Kinetic En.   Total Energy  Conserved En.
    6.91592e+02   -6.73474e+04    1.16772e+04   -5.56702e+04   -6.74247e+04
    Temperature Pres. DC (bar) Pressure (bar)   Constr. rmsd
    3.00962e+02   -1.38386e+02   -4.48868e+02    4.90834e-07

           Step           Time
          48000       96.00000

   Energies (kJ/mol)
           Bond          Angle    Proper Dih. Ryckaert-Bell.  Improper Dih.
    1.58158e+02    7.99902e+02    1.31330e+02    2.34187e+02    5.93136e+01
          LJ-14     Coulomb-14        LJ (SR)  Disper. corr.   Coulomb (SR)
    4.72329e+01   -1.18266e+04    8.99535e+03   -4.09693e+02   -6.59006e+04
   Coul. recip.      Potential    Kinetic En.   Total Energy  Conserved En.
    7.09137e+02   -6.70023e+04    1.18386e+04   -5.51637e+04   -6.74364e+04
    Temperature Pres. DC (bar) Pressure (bar)   Constr. rmsd
    3.05122e+02   -1.38386e+02   -4.49735e+02    4.94814e-07

           Step           Time
          49000       98.00000

   Energies (kJ/mol)
           Bond          Angle    Proper Dih. Ryckaert-Bell.  Improper Dih.
    1.38980e+02    8.05594e+02    1.42490e+02    2.33269e+02    5.93668e+01
          LJ-14     Coulomb-14        LJ (SR)  Disper. corr.   Coulomb (SR)
    6.06917e+01   -1.18993e+04    8.75067e+03   -4.09693e+02   -6.55662e+04
   Coul. recip.      Potential    Kinetic En.   Total Energy  Conserved En.
    6.89233e+02   -6.69949e+04    1.16818e+04   -5.53131e+04   -6.74349e+04
    Temperature Pres. DC (bar) Pressure (bar)   Constr. rmsd
    3.01081e+02   -1.38386e+02   -6.74310e+02    4.41118e-07

           Step           Time
          50000      100.00000

   Energies (kJ/mol)
           Bond          Angle    Proper Dih. Ryckaert-Bell.  Improper Dih.
    1.41357e+02    8.08445e+02    1.20295e+02    2.33882e+02    6.39263e+01
          LJ-14     Coulomb-14        LJ (SR)  Disper. corr.   Coulomb (SR)
    4.63318e+01   -1.18424e+04    8.54440e+03   -4.09693e+02   -6.54602e+04
   Coul. recip.      Potential    Kinetic En.   Total Energy  Conserved En.
    6.79921e+02   -6.70737e+04    1.14863e+04   -5.55874e+04   -6.74197e+04
    Temperature Pres. DC (bar) Pressure (bar)   Constr. rmsd
    2.96043e+02   -1.38386e+02   -1.12853e+03    4.61615e-07

           Step           Time
          51000      102.00000

   Energies (kJ/mol)
           Bond          Angle    Proper Dih. Ryckaert-Bell.  Improper Dih.
    1.47623e+02    8.01263e+02    1.26178e+02    2.33477e+02    4.55901e+01
          LJ-14     Coulomb-14        LJ (SR)  Disper. corr.   Coulomb (SR)
    5.23110e+01   -1.18345e+04    8.86668e+03   -4.09693e+02   -6.58881e+04
   Coul. recip.      Potential    Kinetic En.   Total Energy  Conserved En.
    6.82781e+02   -6.71764e+04    1.15916e+04   -5.55848e+04   -6.74359e+04
    Temperature Pres. DC (bar) Pressure (bar)   Constr. rmsd
    2.98757e+02   -1.38386e+02   -6.35299e+02    4.76760e-07

           Step           Time
          52000      104.00000

   Energies (kJ/mol)
           Bond          Angle    Proper Dih. Ryckaert-Bell.  Improper Dih.
    1.45951e+02    8.04253e+02    1.30572e+02    2.33989e+02    4.95953e+01
          LJ-14     Coulomb-14        LJ (SR)  Disper. corr.   Coulomb (SR)
    5.09835e+01   -1.18012e+04    8.64170e+03   -4.09693e+02   -6.57279e+04
   Coul. recip.      Potential    Kinetic En.   Total Energy  Conserved En.
    6.81128e+02   -6.72006e+04    1.14771e+04   -5.57235e+04   -6.74322e+04
    Temperature Pres. DC (bar) Pressure (bar)   Constr. rmsd
    2.95807e+02   -1.38386e+02   -9.71174e+02    4.26010e-07

           Step           Time
          53000      106.00000

   Energies (kJ/mol)
           Bond          Angle    Proper Dih. Ryckaert-Bell.  Improper Dih.
    1.18428e+02    7.95510e+02    1.42066e+02    2.34094e+02    6.37854e+01
          LJ-14     Coulomb-14        LJ (SR)  Disper. corr.   Coulomb (SR)
    5.37887e+01   -1.18517e+04    8.64708e+03   -4.09693e+02   -6.54968e+04
   Coul. recip.      Potential    Kinetic En.   Total Energy  Conserved En.
    6.77547e+02   -6.70260e+04    1.13842e+04   -5.56418e+04   -6.74303e+04
    Temperature Pres. DC (bar) Pressure (bar)   Constr. rmsd
    2.93410e+02   -1.38386e+02   -7.51306e+02    4.63536e-07

           Step           Time
          54000      108.00000

   Energies (kJ/mol)
           Bond          Angle    Proper Dih. Ryckaert-Bell.  Improper Dih.
    1.43631e+02    8.05705e+02    1.49675e+02    2.31939e+02    6.00933e+01
          LJ-14     Coulomb-14        LJ (SR)  Disper. corr.   Coulomb (SR)
    5.37056e+01   -1.18239e+04    9.20667e+03   -4.09693e+02   -6.61572e+04
   Coul. recip.      Potential    Kinetic En.   Total Energy  Conserved En.
    6.95034e+02   -6.70444e+04    1.15751e+04   -5.54693e+04   -6.74440e+04
    Temperature Pres. DC (bar) Pressure (bar)   Constr. rmsd
    2.98330e+02   -1.38386e+02   -1.88180e+02    4.65130e-07

           Step           Time
          55000      110.00000

   Energies (kJ/mol)
           Bond          Angle    Proper Dih. Ryckaert-Bell.  Improper Dih.
    1.46057e+02    7.93949e+02    1.13568e+02    2.34033e+02    5.77984e+01
          LJ-14     Coulomb-14        LJ (SR)  Disper. corr.   Coulomb (SR)
    4.27673e+01   -1.17852e+04    8.74462e+03   -4.09693e+02   -6.61713e+04
   Coul. recip.      Potential    Kinetic En.   Total Energy  Conserved En.
    6.99194e+02   -6.75341e+04    1.15403e+04   -5.59938e+04   -6.74365e+04
    Temperature Pres. DC (bar) Pressure (bar)   Constr. rmsd
    2.97436e+02   -1.38386e+02   -1.27559e+03    4.56618e-07

           Step           Time
          56000      112.00000

   Energies (kJ/mol)
           Bond          Angle    Proper Dih. Ryckaert-Bell.  Improper Dih.
    1.45740e+02    7.99291e+02    1.43155e+02    2.32162e+02    6.16772e+01
          LJ-14     Coulomb-14        LJ (SR)  Disper. corr.   Coulomb (SR)
    4.88404e+01   -1.17840e+04    9.23763e+03   -4.09693e+02   -6.65045e+04
   Coul. recip.      Potential    Kinetic En.   Total Energy  Conserved En.
    7.28911e+02   -6.73008e+04    1.16930e+04   -5.56078e+04   -6.74400e+04
    Temperature Pres. DC (bar) Pressure (bar)   Constr. rmsd
    3.01371e+02   -1.38386e+02   -3.87341e+02    4.32476e-07

           Step           Time
          57000      114.00000

   Energies (kJ/mol)
           Bond          Angle    Proper Dih. Ryckaert-Bell.  Improper Dih.
    1.38453e+02    8.35401e+02    1.28162e+02    2.31653e+02    5.80691e+01
          LJ-14     Coulomb-14        LJ (SR)  Disper. corr.   Coulomb (SR)
    5.60120e+01   -1.18193e+04    8.62980e+03   -4.09693e+02   -6.55091e+04
   Coul. recip.      Potential    Kinetic En.   Total Energy  Conserved En.
    7.15103e+02   -6.69455e+04    1.14761e+04   -5.54694e+04   -6.74248e+04
    Temperature Pres. DC (bar) Pressure (bar)   Constr. rmsd
    2.95779e+02   -1.38386e+02   -8.44021e+02    4.86366e-07

           Step           Time
          58000      116.00000

   Energies (kJ/mol)
           Bond          Angle    Proper Dih. Ryckaert-Bell.  Improper Dih.
    1.68298e+02    8.35113e+02    1.15277e+02    2.34412e+02    5.13117e+01
          LJ-14     Coulomb-14        LJ (SR)  Disper. corr.   Coulomb (SR)
    6.08853e+01   -1.18266e+04    8.89657e+03   -4.09693e+02   -6.56930e+04
   Coul. recip.      Potential    Kinetic En.   Total Energy  Conserved En.
    7.32771e+02   -6.68346e+04    1.17864e+04   -5.50482e+04   -6.74324e+04
    Temperature Pres. DC (bar) Pressure (bar)   Constr. rmsd
    3.03778e+02   -1.38386e+02   -2.75071e+02    3.80977e-07

           Step           Time
          59000      118.00000

   Energies (kJ/mol)
           Bond          Angle    Proper Dih. Ryckaert-Bell.  Improper Dih.
    1.26931e+02    8.60700e+02    1.35296e+02    2.32582e+02    5.39159e+01
          LJ-14     Coulomb-14        LJ (SR)  Disper. corr.   Coulomb (SR)
    5.10140e+01   -1.18435e+04    8.89398e+03   -4.09693e+02   -6.63312e+04
   Coul. recip.      Potential    Kinetic En.   Total Energy  Conserved En.
    7.21665e+02   -6.75084e+04    1.16390e+04   -5.58694e+04   -6.74333e+04
    Temperature Pres. DC (bar) Pressure (bar)   Constr. rmsd
    2.99978e+02   -1.38386e+02   -8.78567e+02    4.14295e-07

           Step           Time
          60000      120.00000

   Energies (kJ/mol)
           Bond          Angle    Proper Dih. Ryckaert-Bell.  Improper Dih.
    1.53060e+02    7.93211e+02    1.19876e+02    2.34087e+02    5.91173e+01
          LJ-14     Coulomb-14        LJ (SR)  Disper. corr.   Coulomb (SR)
    5.30400e+01   -1.18006e+04    8.78378e+03   -4.09693e+02   -6.62352e+04
   Coul. recip.      Potential    Kinetic En.   Total Energy  Conserved En.
    6.51975e+02   -6.75973e+04    1.12583e+04   -5.63391e+04   -6.74567e+04
    Temperature Pres. DC (bar) Pressure (bar)   Constr. rmsd
    2.90166e+02   -1.38386e+02   -1.16241e+03    3.56592e-07

           Step           Time
          61000      122.00000

   Energies (kJ/mol)
           Bond          Angle    Proper Dih. Ryckaert-Bell.  Improper Dih.
    1.56767e+02    8.08074e+02    1.42754e+02    2.34425e+02    5.67892e+01
          LJ-14     Coulomb-14        LJ (SR)  Disper. corr.   Coulomb (SR)
    5.76876e+01   -1.18312e+04    9.03739e+03   -4.09693e+02   -6.62551e+04
   Coul. recip.      Potential    Kinetic En.   Total Energy  Conserved En.
    6.90104e+02   -6.73121e+04    1.15417e+04   -5.57704e+04   -6.74377e+04
    Temperature Pres. DC (bar) Pressure (bar)   Constr. rmsd
    2.97470e+02   -1.38386e+02   -6.03471e+02    4.75594e-07

           Step           Time
          62000      124.00000

   Energies (kJ/mol)
           Bond          Angle    Proper Dih. Ryckaert-Bell.  Improper Dih.
    1.18286e+02    8.11806e+02    1.43733e+02    2.32912e+02    7.79863e+01
          LJ-14     Coulomb-14        LJ (SR)  Disper. corr.   Coulomb (SR)
    4.01480e+01   -1.17996e+04    8.58944e+03   -4.09693e+02   -6.56509e+04
   Coul. recip.      Potential    Kinetic En.   Total Energy  Conserved En.
    6.82839e+02   -6.71630e+04    1.15651e+04   -5.55979e+04   -6.74434e+04
    Temperature Pres. DC (bar) Pressure (bar)   Constr. rmsd
    2.98075e+02   -1.38386e+02   -1.09285e+03    3.89431e-07

           Step           Time
          63000      126.00000

   Energies (kJ/mol)
           Bond          Angle    Proper Dih. Ryckaert-Bell.  Improper Dih.
    1.50065e+02    8.15455e+02    1.32444e+02    2.33621e+02    5.06674e+01
          LJ-14     Coulomb-14        LJ (SR)  Disper. corr.   Coulomb (SR)
    4.89360e+01   -1.18191e+04    8.93518e+03   -4.09693e+02   -6.57496e+04
   Coul. recip.      Potential    Kinetic En.   Total Energy  Conserved En.
    6.92861e+02   -6.69191e+04    1.15246e+04   -5.53946e+04   -6.74457e+04
    Temperature Pres. DC (bar) Pressure (bar)   Constr. rmsd
    2.97029e+02   -1.38386e+02   -6.65724e+02    4.62336e-07

           Step           Time
          64000      128.00000

   Energies (kJ/mol)
           Bond          Angle    Proper Dih. Ryckaert-Bell.  Improper Dih.
    1.77565e+02    8.18869e+02    1.37096e+02    2.34068e+02    5.15085e+01
          LJ-14     Coulomb-14        LJ (SR)  Disper. corr.   Coulomb (SR)
    5.05388e+01   -1.18279e+04    8.85090e+03   -4.09693e+02   -6.59367e+04
   Coul. recip.      Potential    Kinetic En.   Total Energy  Conserved En.
    6.97129e+02   -6.71565e+04    1.17253e+04   -5.54313e+04   -6.74375e+04
    Temperature Pres. DC (bar) Pressure (bar)   Constr. rmsd
    3.02202e+02   -1.38386e+02   -6.86247e+02    4.74425e-07

           Step           Time
          65000      130.00000

   Energies (kJ/mol)
           Bond          Angle    Proper Dih. Ryckaert-Bell.  Improper Dih.
    1.14748e+02    8.39089e+02    1.29908e+02    2.31675e+02    5.56329e+01
          LJ-14     Coulomb-14        LJ (SR)  Disper. corr.   Coulomb (SR)
    5.17365e+01   -1.17566e+04    8.93478e+03   -4.09693e+02   -6.61792e+04
   Coul. recip.      Potential    Kinetic En.   Total Energy  Conserved En.
    6.92570e+02   -6.72953e+04    1.14500e+04   -5.58453e+04   -6.74520e+04
    Temperature Pres. DC (bar) Pressure (bar)   Constr. rmsd
    2.95107e+02   -1.38386e+02   -9.09522e+02    4.40698e-07

           Step           Time
          66000      132.00000

   Energies (kJ/mol)
           Bond          Angle    Proper Dih. Ryckaert-Bell.  Improper Dih.
    1.25738e+02    8.33874e+02    1.30317e+02    2.33458e+02    4.82787e+01
          LJ-14     Coulomb-14        LJ (SR)  Disper. corr.   Coulomb (SR)
    4.72688e+01   -1.18461e+04    8.77824e+03   -4.09693e+02   -6.61042e+04
   Coul. recip.      Potential    Kinetic En.   Total Energy  Conserved En.
    6.93069e+02   -6.74698e+04    1.16734e+04   -5.57963e+04   -6.74408e+04
    Temperature Pres. DC (bar) Pressure (bar)   Constr. rmsd
    3.00866e+02   -1.38386e+02   -1.14144e+03    4.61615e-07

           Step           Time
          67000      134.00000

   Energies (kJ/mol)
           Bond          Angle    Proper Dih. Ryckaert-Bell.  Improper Dih.
    1.12479e+02    8.51353e+02    1.46084e+02    2.33570e+02    6.27681e+01
          LJ-14     Coulomb-14        LJ (SR)  Disper. corr.   Coulomb (SR)
    6.55988e+01   -1.18429e+04    8.32419e+03   -4.09693e+02   -6.53752e+04
   Coul. recip.      Potential    Kinetic En.   Total Energy  Conserved En.
    7.13657e+02   -6.71181e+04    1.16994e+04   -5.54187e+04   -6.74354e+04
    Temperature Pres. DC (bar) Pressure (bar)   Constr. rmsd
    3.01535e+02   -1.38386e+02   -1.27231e+03    4.23221e-07

           Step           Time
          68000      136.00000

   Energies (kJ/mol)
           Bond          Angle    Proper Dih. Ryckaert-Bell.  Improper Dih.
    1.21284e+02    8.19153e+02    1.41876e+02    2.32531e+02    6.45858e+01
          LJ-14     Coulomb-14        LJ (SR)  Disper. corr.   Coulomb (SR)
    4.44884e+01   -1.18041e+04    8.68846e+03   -4.09693e+02   -6.57307e+04
   Coul. recip.      Potential    Kinetic En.   Total Energy  Conserved En.
    7.05854e+02   -6.71262e+04    1.16419e+04   -5.54843e+04   -6.74397e+04
    Temperature Pres. DC (bar) Pressure (bar)   Constr. rmsd
    3.00053e+02   -1.38386e+02   -1.01403e+03    4.13848e-07

           Step           Time
          69000      138.00000

   Energies (kJ/mol)
           Bond          Angle    Proper Dih. Ryckaert-Bell.  Improper Dih.
    1.42598e+02    7.82652e+02    1.25641e+02    2.34329e+02    4.36944e+01
          LJ-14     Coulomb-14        LJ (SR)  Disper. corr.   Coulomb (SR)
    4.90508e+01   -1.18240e+04    8.97986e+03   -4.09693e+02   -6.59413e+04
   Coul. recip.      Potential    Kinetic En.   Total Energy  Conserved En.
    7.14861e+02   -6.71023e+04    1.14748e+04   -5.56275e+04   -6.74489e+04
    Temperature Pres. DC (bar) Pressure (bar)   Constr. rmsd
    2.95746e+02   -1.38386e+02   -4.66585e+02    4.25836e-07

           Step           Time
          70000      140.00000

   Energies (kJ/mol)
           Bond          Angle    Proper Dih. Ryckaert-Bell.  Improper Dih.
    1.47615e+02    7.96745e+02    1.35428e+02    2.33447e+02    5.53794e+01
          LJ-14     Coulomb-14        LJ (SR)  Disper. corr.   Coulomb (SR)
    4.75650e+01   -1.18262e+04    9.08162e+03   -4.09693e+02   -6.62867e+04
   Coul. recip.      Potential    Kinetic En.   Total Energy  Conserved En.
    6.85404e+02   -6.73394e+04    1.15929e+04   -5.57466e+04   -6.74405e+04
    Temperature Pres. DC (bar) Pressure (bar)   Constr. rmsd
    2.98790e+02   -1.38386e+02   -7.68969e+02    4.38256e-07

           Step           Time
          71000      142.00000

   Energies (kJ/mol)
           Bond          Angle    Proper Dih. Ryckaert-Bell.  Improper Dih.
    1.30953e+02    8.31389e+02    1.49124e+02    2.32908e+02    6.71724e+01
          LJ-14     Coulomb-14        LJ (SR)  Disper. corr.   Coulomb (SR)
    3.80610e+01   -1.17648e+04    8.76334e+03   -4.09693e+02   -6.56887e+04
   Coul. recip.      Potential    Kinetic En.   Total Energy  Conserved En.
    7.53212e+02   -6.68970e+04    1.11820e+04   -5.57150e+04   -6.74342e+04
    Temperature Pres. DC (bar) Pressure (bar)   Constr. rmsd
    2.88199e+02   -1.38386e+02   -1.37259e+03    4.60652e-07

           Step           Time
          72000      144.00000

   Energies (kJ/mol)
           Bond          Angle    Proper Dih. Ryckaert-Bell.  Improper Dih.
    1.55320e+02    8.20970e+02    1.46831e+02    2.33828e+02    5.39186e+01
          LJ-14     Coulomb-14        LJ (SR)  Disper. corr.   Coulomb (SR)
    4.85252e+01   -1.17694e+04    8.89752e+03   -4.09693e+02   -6.59527e+04
   Coul. recip.      Potential    Kinetic En.   Total Energy  Conserved En.
    6.97833e+02   -6.70771e+04    1.15762e+04   -5.55009e+04   -6.74256e+04
    Temperature Pres. DC (bar) Pressure (bar)   Constr. rmsd
    2.98360e+02   -1.38386e+02   -6.78662e+02    4.06632e-07

           Step           Time
          73000      146.00000

   Energies (kJ/mol)
           Bond          Angle    Proper Dih. Ryckaert-Bell.  Improper Dih.
    1.55673e+02    7.87676e+02    1.36484e+02    2.32037e+02    6.73075e+01
          LJ-14     Coulomb-14        LJ (SR)  Disper. corr.   Coulomb (SR)
    4.96917e+01   -1.18292e+04    8.50154e+03   -4.09693e+02   -6.53772e+04
   Coul. recip.      Potential    Kinetic En.   Total Energy  Conserved En.
    7.07814e+02   -6.69779e+04    1.14833e+04   -5.54945e+04   -6.74465e+04
    Temperature Pres. DC (bar) Pressure (bar)   Constr. rmsd
    2.95967e+02   -1.38386e+02   -1.12238e+03    3.99377e-07

           Step           Time
          74000      148.00000

   Energies (kJ/mol)
           Bond          Angle    Proper Dih. Ryckaert-Bell.  Improper Dih.
    1.79731e+02    8.27992e+02    1.39735e+02    2.33736e+02    5.60493e+01
          LJ-14     Coulomb-14        LJ (SR)  Disper. corr.   Coulomb (SR)
    4.63784e+01   -1.18387e+04    8.56162e+03   -4.09693e+02   -6.56692e+04
   Coul. recip.      Potential    Kinetic En.   Total Energy  Conserved En.
    6.75219e+02   -6.71971e+04    1.16886e+04   -5.55085e+04   -6.74533e+04
    Temperature Pres. DC (bar) Pressure (bar)   Constr. rmsd
    3.01258e+02   -1.38386e+02   -1.17617e+03    4.86366e-07

           Step           Time
          75000      150.00000

   Energies (kJ/mol)
           Bond          Angle    Proper Dih. Ryckaert-Bell.  Improper Dih.
    1.78207e+02    8.16814e+02    1.38358e+02    2.33183e+02    6.01212e+01
          LJ-14     Coulomb-14        LJ (SR)  Disper. corr.   Coulomb (SR)
    4.73554e+01   -1.17627e+04    8.26600e+03   -4.09693e+02   -6.54384e+04
   Coul. recip.      Potential    Kinetic En.   Total Energy  Conserved En.
    6.90879e+02   -6.71799e+04    1.14636e+04   -5.57163e+04   -6.74415e+04
    Temperature Pres. DC (bar) Pressure (bar)   Constr. rmsd
    2.95458e+02   -1.38386e+02   -1.63076e+03    4.31362e-07

           Step           Time
          76000      152.00000

   Energies (kJ/mol)
           Bond          Angle    Proper Dih. Ryckaert-Bell.  Improper Dih.
    1.40750e+02    8.26605e+02    1.43851e+02    2.33284e+02    5.82775e+01
          LJ-14     Coulomb-14        LJ (SR)  Disper. corr.   Coulomb (SR)
    5.43495e+01   -1.18462e+04    8.28769e+03   -4.09693e+02   -6.53725e+04
   Coul. recip.      Potential    Kinetic En.   Total Energy  Conserved En.
    7.20704e+02   -6.71629e+04    1.17568e+04   -5.54061e+04   -6.74526e+04
    Temperature Pres. DC (bar) Pressure (bar)   Constr. rmsd
    3.03015e+02   -1.38386e+02   -1.39234e+03    5.07369e-07

           Step           Time
          77000      154.00000

   Energies (kJ/mol)
           Bond          Angle    Proper Dih. Ryckaert-Bell.  Improper Dih.
    1.51060e+02    8.60841e+02    1.10876e+02    2.33983e+02    4.75977e+01
          LJ-14     Coulomb-14        LJ (SR)  Disper. corr.   Coulomb (SR)
    4.84976e+01   -1.18041e+04    8.62210e+03   -4.09693e+02   -6.57784e+04
   Coul. recip.      Potential    Kinetic En.   Total Energy  Conserved En.
    7.32520e+02   -6.71848e+04    1.16496e+04   -5.55351e+04   -6.74448e+04
    Temperature Pres. DC (bar) Pressure (bar)   Constr. rmsd
    3.00253e+02   -1.38386e+02   -9.74412e+02    4.21907e-07

           Step           Time
          78000      156.00000

   Energies (kJ/mol)
           Bond          Angle    Proper Dih. Ryckaert-Bell.  Improper Dih.
    1.61531e+02    8.37804e+02    1.23772e+02    2.33436e+02    4.77578e+01
          LJ-14     Coulomb-14        LJ (SR)  Disper. corr.   Coulomb (SR)
    5.26487e+01   -1.17868e+04    8.63712e+03   -4.09693e+02   -6.58089e+04
   Coul. recip.      Potential    Kinetic En.   Total Energy  Conserved En.
    7.20386e+02   -6.71909e+04    1.17745e+04   -5.54164e+04   -6.74536e+04
    Temperature Pres. DC (bar) Pressure (bar)   Constr. rmsd
    3.03471e+02   -1.38386e+02   -9.07012e+02    4.47449e-07

           Step           Time
          79000      158.00000

   Energies (kJ/mol)
           Bond          Angle    Proper Dih. Ryckaert-Bell.  Improper Dih.
    1.18939e+02    8.13544e+02    1.21302e+02    2.33944e+02    6.78021e+01
          LJ-14     Coulomb-14        LJ (SR)  Disper. corr.   Coulomb (SR)
    4.82669e+01   -1.17845e+04    8.93877e+03   -4.09693e+02   -6.63037e+04
   Coul. recip.      Potential    Kinetic En.   Total Energy  Conserved En.
    6.58908e+02   -6.74965e+04    1.11297e+04   -5.63668e+04   -6.74487e+04
    Temperature Pres. DC (bar) Pressure (bar)   Constr. rmsd
    2.86852e+02   -1.38386e+02   -8.12277e+02    5.34853e-07

           Step           Time
          80000      160.00000

   Energies (kJ/mol)
           Bond          Angle    Proper Dih. Ryckaert-Bell.  Improper Dih.
    1.69223e+02    8.22516e+02    1.16456e+02    2.33876e+02    4.50620e+01
          LJ-14     Coulomb-14        LJ (SR)  Disper. corr.   Coulomb (SR)
    5.04717e+01   -1.17588e+04    8.64478e+03   -4.09693e+02   -6.56652e+04
   Coul. recip.      Potential    Kinetic En.   Total Energy  Conserved En.
    7.08016e+02   -6.70433e+04    1.13944e+04   -5.56489e+04   -6.74477e+04
    Temperature Pres. DC (bar) Pressure (bar)   Constr. rmsd
    2.93674e+02   -1.38386e+02   -7.63797e+02    4.30847e-07

           Step           Time
          81000      162.00000

   Energies (kJ/mol)
           Bond          Angle    Proper Dih. Ryckaert-Bell.  Improper Dih.
    1.29822e+02    8.47218e+02    1.25046e+02    2.34059e+02    6.03124e+01
          LJ-14     Coulomb-14        LJ (SR)  Disper. corr.   Coulomb (SR)
    5.03431e+01   -1.18495e+04    8.70670e+03   -4.09693e+02   -6.60349e+04
   Coul. recip.      Potential    Kinetic En.   Total Energy  Conserved En.
    7.21569e+02   -6.74191e+04    1.15683e+04   -5.58508e+04   -6.74555e+04
    Temperature Pres. DC (bar) Pressure (bar)   Constr. rmsd
    2.98157e+02   -1.38386e+02   -1.10875e+03    4.50334e-07

           Step           Time
          82000      164.00000

   Energies (kJ/mol)
           Bond          Angle    Proper Dih. Ryckaert-Bell.  Improper Dih.
    1.35720e+02    8.38126e+02    1.23261e+02    2.34096e+02    4.86916e+01
          LJ-14     Coulomb-14        LJ (SR)  Disper. corr.   Coulomb (SR)
    4.57692e+01   -1.17812e+04    8.75757e+03   -4.09693e+02   -6.62287e+04
   Coul. recip.      Potential    Kinetic En.   Total Energy  Conserved En.
    7.02916e+02   -6.75334e+04    1.16612e+04   -5.58723e+04   -6.74398e+04
    Temperature Pres. DC (bar) Pressure (bar)   Constr. rmsd
    3.00550e+02   -1.38386e+02   -1.13149e+03    4.34951e-07

           Step           Time
          83000      166.00000

   Energies (kJ/mol)
           Bond          Angle    Proper Dih. Ryckaert-Bell.  Improper Dih.
    1.59364e+02    7.94548e+02    1.17990e+02    2.34150e+02    5.18764e+01
          LJ-14     Coulomb-14        LJ (SR)  Disper. corr.   Coulomb (SR)
    4.31110e+01   -1.17639e+04    8.64387e+03   -4.09693e+02   -6.58380e+04
   Coul. recip.      Potential    Kinetic En.   Total Energy  Conserved En.
    6.77634e+02   -6.72891e+04    1.14912e+04   -5.57978e+04   -6.74544e+04
    Temperature Pres. DC (bar) Pressure (bar)   Constr. rmsd
    2.96170e+02   -1.38386e+02   -1.03611e+03    3.71335e-07

           Step           Time
          84000      168.00000

   Energies (kJ/mol)
           Bond          Angle    Proper Dih. Ryckaert-Bell.  Improper Dih.
    1.41250e+02    8.04771e+02    1.24120e+02    2.33598e+02    5.48639e+01
          LJ-14     Coulomb-14        LJ (SR)  Disper. corr.   Coulomb (SR)
    4.21525e+01   -1.17468e+04    8.77240e+03   -4.09693e+02   -6.61219e+04
   Coul. recip.      Potential    Kinetic En.   Total Energy  Conserved En.
    6.77075e+02   -6.74281e+04    1.12585e+04   -5.61696e+04   -6.74469e+04
    Temperature Pres. DC (bar) Pressure (bar)   Constr. rmsd
    2.90172e+02   -1.38386e+02   -1.12330e+03    4.13759e-07

           Step           Time
          85000      170.00000

   Energies (kJ/mol)
           Bond          Angle    Proper Dih. Ryckaert-Bell.  Improper Dih.
    1.17872e+02    8.44125e+02    1.20058e+02    2.33947e+02    5.76390e+01
          LJ-14     Coulomb-14        LJ (SR)  Disper. corr.   Coulomb (SR)
    4.36180e+01   -1.18314e+04    8.66220e+03   -4.09693e+02   -6.59874e+04
   Coul. recip.      Potential    Kinetic En.   Total Energy  Conserved En.
    6.68011e+02   -6.74811e+04    1.19718e+04   -5.55093e+04   -6.74522e+04
    Temperature Pres. DC (bar) Pressure (bar)   Constr. rmsd
    3.08556e+02   -1.38386e+02   -1.01801e+03    3.75202e-07

           Step           Time
          86000      172.00000

   Energies (kJ/mol)
           Bond          Angle    Proper Dih. Ryckaert-Bell.  Improper Dih.
    1.46401e+02    8.01736e+02    1.32455e+02    2.33228e+02    5.43232e+01
          LJ-14     Coulomb-14        LJ (SR)  Disper. corr.   Coulomb (SR)
    5.63051e+01   -1.17663e+04    8.77744e+03   -4.09693e+02   -6.57631e+04
   Coul. recip.      Potential    Kinetic En.   Total Energy  Conserved En.
    6.85499e+02   -6.70517e+04    1.11801e+04   -5.58716e+04   -6.74486e+04
    Temperature Pres. DC (bar) Pressure (bar)   Constr. rmsd
    2.88150e+02   -1.38386e+02   -5.76175e+02    4.20237e-07

           Step           Time
          87000      174.00000

   Energies (kJ/mol)
           Bond          Angle    Proper Dih. Ryckaert-Bell.  Improper Dih.
    1.49756e+02    7.98993e+02    1.31271e+02    2.33015e+02    5.06191e+01
          LJ-14     Coulomb-14        LJ (SR)  Disper. corr.   Coulomb (SR)
    3.60199e+01   -1.17235e+04    8.92008e+03   -4.09693e+02   -6.61058e+04
   Coul. recip.      Potential    Kinetic En.   Total Energy  Conserved En.
    7.02148e+02   -6.72170e+04    1.14941e+04   -5.57230e+04   -6.74667e+04
    Temperature Pres. DC (bar) Pressure (bar)   Constr. rmsd
    2.96243e+02   -1.38386e+02   -9.75326e+02    3.71036e-07

           Step           Time
          88000      176.00000

   Energies (kJ/mol)
           Bond          Angle    Proper Dih. Ryckaert-Bell.  Improper Dih.
    1.45429e+02    7.60758e+02    1.23232e+02    2.33085e+02    5.11551e+01
          LJ-14     Coulomb-14        LJ (SR)  Disper. corr.   Coulomb (SR)
    4.00934e+01   -1.17771e+04    8.38261e+03   -4.09693e+02   -6.54577e+04
   Coul. recip.      Potential    Kinetic En.   Total Energy  Conserved En.
    6.88640e+02   -6.72195e+04    1.15528e+04   -5.56666e+04   -6.74553e+04
    Temperature Pres. DC (bar) Pressure (bar)   Constr. rmsd
    2.97758e+02   -1.38386e+02   -1.41079e+03    4.80317e-07

           Step           Time
          89000      178.00000

   Energies (kJ/mol)
           Bond          Angle    Proper Dih. Ryckaert-Bell.  Improper Dih.
    1.79243e+02    7.96591e+02    1.13485e+02    2.32961e+02    3.78626e+01
          LJ-14     Coulomb-14        LJ (SR)  Disper. corr.   Coulomb (SR)
    5.27949e+01   -1.18044e+04    8.98038e+03   -4.09693e+02   -6.61953e+04
   Coul. recip.      Potential    Kinetic En.   Total Energy  Conserved En.
    7.01268e+02   -6.73149e+04    1.14032e+04   -5.59117e+04   -6.74510e+04
    Temperature Pres. DC (bar) Pressure (bar)   Constr. rmsd
    2.93901e+02   -1.38386e+02   -6.16616e+02    4.61615e-07

           Step           Time
          90000      180.00000

   Energies (kJ/mol)
           Bond          Angle    Proper Dih. Ryckaert-Bell.  Improper Dih.
    1.48431e+02    7.84395e+02    1.26719e+02    2.32817e+02    5.07995e+01
          LJ-14     Coulomb-14        LJ (SR)  Disper. corr.   Coulomb (SR)
    4.32444e+01   -1.17871e+04    8.74441e+03   -4.09693e+02   -6.60884e+04
   Coul. recip.      Potential    Kinetic En.   Total Energy  Conserved En.
    6.98542e+02   -6.74559e+04    1.14432e+04   -5.60127e+04   -6.74609e+04
    Temperature Pres. DC (bar) Pressure (bar)   Constr. rmsd
    2.94932e+02   -1.38386e+02   -1.04484e+03    4.16700e-07

           Step           Time
          91000      182.00000

   Energies (kJ/mol)
           Bond          Angle    Proper Dih. Ryckaert-Bell.  Improper Dih.
    1.87715e+02    8.04229e+02    1.54613e+02    2.32490e+02    5.77438e+01
          LJ-14     Coulomb-14        LJ (SR)  Disper. corr.   Coulomb (SR)
    4.58957e+01   -1.18535e+04    9.01398e+03   -4.09693e+02   -6.61346e+04
   Coul. recip.      Potential    Kinetic En.   Total Energy  Conserved En.
    7.08412e+02   -6.71927e+04    1.15013e+04   -5.56914e+04   -6.74489e+04
    Temperature Pres. DC (bar) Pressure (bar)   Constr. rmsd
    2.96429e+02   -1.38386e+02   -6.17225e+02    5.61453e-07

           Step           Time
          92000      184.00000

   Energies (kJ/mol)
           Bond          Angle    Proper Dih. Ryckaert-Bell.  Improper Dih.
    1.64866e+02    8.16405e+02    1.29898e+02    2.33847e+02    4.98413e+01
          LJ-14     Coulomb-14        LJ (SR)  Disper. corr.   Coulomb (SR)
    5.24064e+01   -1.18107e+04    8.68682e+03   -4.09693e+02   -6.57113e+04
   Coul. recip.      Potential    Kinetic En.   Total Energy  Conserved En.
    7.51369e+02   -6.70463e+04    1.13126e+04   -5.57337e+04   -6.74499e+04
    Temperature Pres. DC (bar) Pressure (bar)   Constr. rmsd
    2.91565e+02   -1.38386e+02   -7.03401e+02    4.30246e-07

           Step           Time
          93000      186.00000

   Energies (kJ/mol)
           Bond          Angle    Proper Dih. Ryckaert-Bell.  Improper Dih.
    1.63350e+02    8.12558e+02    1.32954e+02    2.33820e+02    6.31813e+01
          LJ-14     Coulomb-14        LJ (SR)  Disper. corr.   Coulomb (SR)
    5.05513e+01   -1.18605e+04    8.77061e+03   -4.09693e+02   -6.57529e+04
   Coul. recip.      Potential    Kinetic En.   Total Energy  Conserved En.
    6.77320e+02   -6.71188e+04    1.14805e+04   -5.56382e+04   -6.74578e+04
    Temperature Pres. DC (bar) Pressure (bar)   Constr. rmsd
    2.95894e+02   -1.38386e+02   -8.45420e+02    5.25006e-07

           Step           Time
          94000      188.00000

   Energies (kJ/mol)
           Bond          Angle    Proper Dih. Ryckaert-Bell.  Improper Dih.
    1.25497e+02    8.63427e+02    1.21292e+02    2.33527e+02    4.51984e+01
          LJ-14     Coulomb-14        LJ (SR)  Disper. corr.   Coulomb (SR)
    4.55642e+01   -1.17712e+04    8.62923e+03   -4.09693e+02   -6.56300e+04
   Coul. recip.      Potential    Kinetic En.   Total Energy  Conserved En.
    7.40029e+02   -6.70071e+04    1.13900e+04   -5.56171e+04   -6.74610e+04
    Temperature Pres. DC (bar) Pressure (bar)   Constr. rmsd
    2.93562e+02   -1.38386e+02   -1.16926e+03    4.75983e-07

           Step           Time
          95000      190.00000

   Energies (kJ/mol)
           Bond          Angle    Proper Dih. Ryckaert-Bell.  Improper Dih.
    1.45312e+02    8.10802e+02    1.25962e+02    2.31594e+02    6.20660e+01
          LJ-14     Coulomb-14        LJ (SR)  Disper. corr.   Coulomb (SR)
    6.27282e+01   -1.18671e+04    8.67388e+03   -4.09693e+02   -6.55170e+04
   Coul. recip.      Potential    Kinetic En.   Total Energy  Conserved En.
    6.99558e+02   -6.69819e+04    1.17267e+04   -5.52552e+04   -6.74479e+04
    Temperature Pres. DC (bar) Pressure (bar)   Constr. rmsd
    3.02239e+02   -1.38386e+02   -8.18139e+02    4.11786e-07

           Step           Time
          96000      192.00000

   Energies (kJ/mol)
           Bond          Angle    Proper Dih. Ryckaert-Bell.  Improper Dih.
    1.15264e+02    8.03009e+02    1.58165e+02    2.32684e+02    5.90457e+01
          LJ-14     Coulomb-14        LJ (SR)  Disper. corr.   Coulomb (SR)
    5.29146e+01   -1.18256e+04    8.45184e+03   -4.09693e+02   -6.54232e+04
   Coul. recip.      Potential    Kinetic En.   Total Energy  Conserved En.
    6.76454e+02   -6.71090e+04    1.18270e+04   -5.52820e+04   -6.74715e+04
    Temperature Pres. DC (bar) Pressure (bar)   Constr. rmsd
    3.04824e+02   -1.38386e+02   -1.14843e+03    4.58640e-07

           Step           Time
          97000      194.00000

   Energies (kJ/mol)
           Bond          Angle    Proper Dih. Ryckaert-Bell.  Improper Dih.
    1.47627e+02    8.14663e+02    1.25520e+02    2.34034e+02    5.17924e+01
          LJ-14     Coulomb-14        LJ (SR)  Disper. corr.   Coulomb (SR)
    4.84271e+01   -1.17544e+04    8.73915e+03   -4.09693e+02   -6.58556e+04
   Coul. recip.      Potential    Kinetic En.   Total Energy  Conserved En.
    6.62868e+02   -6.71956e+04    1.14492e+04   -5.57464e+04   -6.74515e+04
    Temperature Pres. DC (bar) Pressure (bar)   Constr. rmsd
    2.95086e+02   -1.38386e+02   -8.14805e+02    5.60463e-07

           Step           Time
          98000      196.00000

   Energies (kJ/mol)
           Bond          Angle    Proper Dih. Ryckaert-Bell.  Improper Dih.
    1.37562e+02    8.02269e+02    1.24403e+02    2.34087e+02    5.64969e+01
          LJ-14     Coulomb-14        LJ (SR)  Disper. corr.   Coulomb (SR)
    5.29573e+01   -1.17614e+04    8.51498e+03   -4.09693e+02   -6.56371e+04
   Coul. recip.      Potential    Kinetic En.   Total Energy  Conserved En.
    6.80291e+02   -6.72052e+04    1.18409e+04   -5.53642e+04   -6.74612e+04
    Temperature Pres. DC (bar) Pressure (bar)   Constr. rmsd
    3.05183e+02   -1.38386e+02   -9.83468e+02    4.63056e-07

           Step           Time
          99000      198.00000

   Energies (kJ/mol)
           Bond          Angle    Proper Dih. Ryckaert-Bell.  Improper Dih.
    1.37162e+02    8.33643e+02    1.56887e+02    2.31524e+02    5.23994e+01
          LJ-14     Coulomb-14        LJ (SR)  Disper. corr.   Coulomb (SR)
    4.92363e+01   -1.18644e+04    8.64846e+03   -4.09693e+02   -6.57754e+04
   Coul. recip.      Potential    Kinetic En.   Total Energy  Conserved En.
    6.94353e+02   -6.72458e+04    1.16523e+04   -5.55935e+04   -6.74707e+04
    Temperature Pres. DC (bar) Pressure (bar)   Constr. rmsd
    3.00321e+02   -1.38386e+02   -9.81710e+02    4.65845e-07

           Step           Time
         100000      200.00000

Writing checkpoint, step 100000 at Fri Apr 29 15:20:10 2022


   Energies (kJ/mol)
           Bond          Angle    Proper Dih. Ryckaert-Bell.  Improper Dih.
    1.42560e+02    8.08324e+02    1.35175e+02    2.34183e+02    5.89216e+01
          LJ-14     Coulomb-14        LJ (SR)  Disper. corr.   Coulomb (SR)
    5.92459e+01   -1.18509e+04    8.61363e+03   -4.09693e+02   -6.53891e+04
   Coul. recip.      Potential    Kinetic En.   Total Energy  Conserved En.
    7.31267e+02   -6.68664e+04    1.16561e+04   -5.52102e+04   -6.74667e+04
    Temperature Pres. DC (bar) Pressure (bar)   Constr. rmsd
    3.00420e+02   -1.38386e+02   -8.64385e+02    4.83848e-07


Energy conservation over simulation part #1 of length 200 ns, time 0 to 200 ns
  Conserved energy drift: 1.38e-05 kJ/mol/ps per atom


	<======  ###############  ==>
	<====  A V E R A G E S  ====>
	<==  ###############  ======>

	Statistics over 100001 steps using 100001 frames

   Energies (kJ/mol)
           Bond          Angle    Proper Dih. Ryckaert-Bell.  Improper Dih.
    1.46295e+02    8.17815e+02    1.29006e+02    2.33416e+02    5.55224e+01
          LJ-14     Coulomb-14        LJ (SR)  Disper. corr.   Coulomb (SR)
    5.00431e+01   -1.18092e+04    8.75882e+03   -4.09693e+02   -6.59276e+04
   Coul. recip.      Potential    Kinetic En.   Total Energy  Conserved En.
    7.00348e+02   -6.72552e+04    1.15178e+04   -5.57374e+04   -6.74311e+04
    Temperature Pres. DC (bar) Pressure (bar)   Constr. rmsd
    2.96855e+02   -1.38386e+02   -9.00371e+02    0.00000e+00

   Total Virial (kJ/mol)
    5.15958e+03   -9.85709e+00   -1.99873e+00
   -9.84098e+00    5.18365e+03   -8.81778e+00
   -1.98455e+00   -8.84120e+00    5.16856e+03

   Pressure (bar)
   -8.95215e+02    4.22275e+00    5.60092e-01
    4.21185e+00   -9.08255e+02    5.89752e+00
    5.50503e-01    5.91336e+00   -8.97642e+02


	M E G A - F L O P S   A C C O U N T I N G

 NB=Group-cutoff nonbonded kernels    NxN=N-by-N cluster Verlet kernels
 RF=Reaction-Field  VdW=Van der Waals  QSTab=quadratic-spline table
 W3=SPC/TIP3p  W4=TIP4p (single or pairs)
 V&F=Potential and force  V=Potential only  F=Force only

 Computing:                               M-Number         M-Flops  % Flops
-----------------------------------------------------------------------------
 Pair Search distance check            3661.841898       32956.577     0.1
 NxN Ewald Elec. + LJ [V&F]          104835.663760    13314129.298    56.8
 NxN Ewald Elec. [V&F]                95871.760496     8053227.882    34.3
 1,4 nonbonded interactions              50.400504        4536.045     0.0
 Calc Weights                          1384.513845       49842.498     0.2
 Spread Q Bspline                     29536.295360       59072.591     0.3
 Gather F Bspline                     29536.295360      177217.772     0.8
 3D-FFT                              204364.043620     1634912.349     7.0
 Solve PME                              160.001600       10240.102     0.0
 Shift-X                                 11.542115          69.253     0.0
 Bonds                                   12.000120         708.007     0.0
 Angles                                  33.600336        5644.856     0.0
 Propers                                 19.200192        4396.844     0.0
 Impropers                                4.800048         998.410     0.0
 RB-Dihedrals                            10.400104        2568.826     0.0
 Virial                                 466.004660        8388.084     0.0
 Stop-CM                                461.509230        4615.092     0.0
 Calc-Ekin                              461.509230       12460.749     0.1
 Lincs                                    4.800144         288.009     0.0
 Lincs-Mat                               44.801344         179.205     0.0
 Constraint-V                           455.709114        4101.382     0.0
 Constraint-Vir                         450.904509       10821.708     0.0
 Settle                                 148.704461       55020.651     0.2
-----------------------------------------------------------------------------
 Total                                                23446396.190   100.0
-----------------------------------------------------------------------------


     R E A L   C Y C L E   A N D   T I M E   A C C O U N T I N G

On 1 MPI rank, each using 16 OpenMP threads

 Computing:          Num   Num      Call    Wall time         Giga-Cycles
                     Ranks Threads  Count      (s)         total sum    %
-----------------------------------------------------------------------------
 Neighbor search        1   16       2501       2.393         80.217   2.1
 Force                  1   16     100001      70.596       2366.454  61.7
 PME mesh               1   16     100001      31.098       1042.447  27.2
 NB X/F buffer ops.     1   16     197501       2.467         82.701   2.2
 Write traj.            1   16        101       0.080          2.669   0.1
 Update                 1   16     100001       1.140         38.212   1.0
 Constraints            1   16     100003       2.312         77.495   2.0
 Rest                                           4.313        144.560   3.8
-----------------------------------------------------------------------------
 Total                                        114.399       3834.756 100.0
-----------------------------------------------------------------------------
 Breakdown of PME mesh computation
-----------------------------------------------------------------------------
 PME spread             1   16     100001       7.613        255.180   6.7
 PME gather             1   16     100001       5.981        200.476   5.2
 PME 3D-FFT             1   16     200002      11.409        382.451  10.0
 PME solve Elec         1   16     100001       5.754        192.867   5.0
-----------------------------------------------------------------------------

               Core t (s)   Wall t (s)        (%)
       Time:     1830.379      114.399     1600.0
                 (ns/day)    (hour/ns)
Performance:      151.052        0.159
Finished mdrun on rank 0 Fri Apr 29 15:20:10 2022

