                :-) GROMACS - gmx mdrun, 2021.4-plumed-2.8.0 (-:

                            GROMACS is written by:
     Andrey Alekseenko              Emile Apol              Rossen Apostolov     
         Paul Bauer           Herman J.C. Berendsen           Par Bjelkmar       
       Christian Blau           Viacheslav Bolnykh             Kevin Boyd        
     Aldert van Buuren           Rudi van Drunen             Anton Feenstra      
    Gilles Gouaillardet             Alan Gray               Gerrit Groenhof      
       Anca Hamuraru            Vincent Hindriksen          M. Eric Irrgang      
      Aleksei Iupinov           Christoph Junghans             Joe Jordan        
    Dimitrios Karkoulis            Peter Kasson                Jiri Kraus        
      Carsten Kutzner              Per Larsson              Justin A. Lemkul     
       Viveca Lindahl            Magnus Lundborg             Erik Marklund       
        Pascal Merz             Pieter Meulenhoff            Teemu Murtola       
        Szilard Pall               Sander Pronk              Roland Schulz       
       Michael Shirts            Alexey Shvetsov             Alfons Sijbers      
       Peter Tieleman              Jon Vincent              Teemu Virolainen     
     Christian Wennberg            Maarten Wolf              Artem Zhmurov       
                           and the project leaders:
        Mark Abraham, Berk Hess, Erik Lindahl, and David van der Spoel

Copyright (c) 1991-2000, University of Groningen, The Netherlands.
Copyright (c) 2001-2019, The GROMACS development team at
Uppsala University, Stockholm University and
the Royal Institute of Technology, Sweden.
check out http://www.gromacs.org for more information.

GROMACS is free software; you can redistribute it and/or modify it
under the terms of the GNU Lesser General Public License
as published by the Free Software Foundation; either version 2.1
of the License, or (at your option) any later version.

GROMACS:      gmx mdrun, version 2021.4-plumed-2.8.0
Executable:   /jet/home/wehs7661/pkgs/gromacs/2021.4/bin/gmx_mpi
Data prefix:  /jet/home/wehs7661/pkgs/gromacs/2021.4
Working dir:  /ocean/projects/cts160011p/wehs7661/MetaD_EXE_TestSys/New_tests/System_1/Prep/Equil/NVT
Process ID:   98094
Command line:
  gmx_mpi mdrun -s sys1_equil.tpr -c sys1_equil.gro -g equil.log -e equil.edr

GROMACS version:    2021.4-plumed-2.8.0
Precision:          mixed
Memory model:       64 bit
MPI library:        MPI
OpenMP support:     enabled (GMX_OPENMP_MAX_THREADS = 64)
GPU support:        disabled
SIMD instructions:  AVX2_256
FFT library:        fftw-3.3.8-sse2-avx-avx2-avx2_128
RDTSCP usage:       enabled
TNG support:        enabled
Hwloc support:      disabled
Tracing support:    disabled
C compiler:         /jet/packages/spack/opt/spack/linux-centos8-zen/gcc-8.3.1/gcc-10.2.0-tfzxq7udz2a53dmujvasy4uz33t27iwv/bin/gcc GNU 10.2.0
C compiler flags:   -mavx2 -mfma -pthread -Wno-missing-field-initializers -fexcess-precision=fast -funroll-all-loops -O3 -DNDEBUG
C++ compiler:       /jet/packages/spack/opt/spack/linux-centos8-zen/gcc-8.3.1/gcc-10.2.0-tfzxq7udz2a53dmujvasy4uz33t27iwv/bin/g++ GNU 10.2.0
C++ compiler flags: -mavx2 -mfma -pthread -Wno-missing-field-initializers -fexcess-precision=fast -funroll-all-loops -fopenmp -O3 -DNDEBUG


Running on 1 node with total 128 cores, 128 logical cores
Hardware detected on host r002.ib.bridges2.psc.edu (the node of MPI rank 0):
  CPU info:
    Vendor: AMD
    Brand:  AMD EPYC 7742 64-Core Processor                
    Family: 23   Model: 49   Stepping: 0
    Features: aes amd apic avx avx2 clfsh cmov cx8 cx16 f16c fma htt lahf misalignsse mmx msr nonstop_tsc pclmuldq pdpe1gb popcnt pse rdrnd rdtscp sha sse2 sse3 sse4a sse4.1 sse4.2 ssse3
  Hardware topology: Basic
    Sockets, cores, and logical processors:
      Socket  0: [   0] [   1] [   2] [   3] [   4] [   5] [   6] [   7] [   8] [   9] [  10] [  11] [  12] [  13] [  14] [  15] [  16] [  17] [  18] [  19] [  20] [  21] [  22] [  23] [  24] [  25] [  26] [  27] [  28] [  29] [  30] [  31] [  32] [  33] [  34] [  35] [  36] [  37] [  38] [  39] [  40] [  41] [  42] [  43] [  44] [  45] [  46] [  47] [  48] [  49] [  50] [  51] [  52] [  53] [  54] [  55] [  56] [  57] [  58] [  59] [  60] [  61] [  62] [  63]
      Socket  1: [  64] [  65] [  66] [  67] [  68] [  69] [  70] [  71] [  72] [  73] [  74] [  75] [  76] [  77] [  78] [  79] [  80] [  81] [  82] [  83] [  84] [  85] [  86] [  87] [  88] [  89] [  90] [  91] [  92] [  93] [  94] [  95] [  96] [  97] [  98] [  99] [ 100] [ 101] [ 102] [ 103] [ 104] [ 105] [ 106] [ 107] [ 108] [ 109] [ 110] [ 111] [ 112] [ 113] [ 114] [ 115] [ 116] [ 117] [ 118] [ 119] [ 120] [ 121] [ 122] [ 123] [ 124] [ 125] [ 126] [ 127]


++++ PLEASE READ AND CITE THE FOLLOWING REFERENCE ++++
M. J. Abraham, T. Murtola, R. Schulz, S. Páll, J. C. Smith, B. Hess, E.
Lindahl
GROMACS: High performance molecular simulations through multi-level
parallelism from laptops to supercomputers
SoftwareX 1 (2015) pp. 19-25
-------- -------- --- Thank You --- -------- --------


++++ PLEASE READ AND CITE THE FOLLOWING REFERENCE ++++
S. Páll, M. J. Abraham, C. Kutzner, B. Hess, E. Lindahl
Tackling Exascale Software Challenges in Molecular Dynamics Simulations with
GROMACS
In S. Markidis & E. Laure (Eds.), Solving Software Challenges for Exascale 8759 (2015) pp. 3-27
-------- -------- --- Thank You --- -------- --------


++++ PLEASE READ AND CITE THE FOLLOWING REFERENCE ++++
S. Pronk, S. Páll, R. Schulz, P. Larsson, P. Bjelkmar, R. Apostolov, M. R.
Shirts, J. C. Smith, P. M. Kasson, D. van der Spoel, B. Hess, and E. Lindahl
GROMACS 4.5: a high-throughput and highly parallel open source molecular
simulation toolkit
Bioinformatics 29 (2013) pp. 845-54
-------- -------- --- Thank You --- -------- --------


++++ PLEASE READ AND CITE THE FOLLOWING REFERENCE ++++
B. Hess and C. Kutzner and D. van der Spoel and E. Lindahl
GROMACS 4: Algorithms for highly efficient, load-balanced, and scalable
molecular simulation
J. Chem. Theory Comput. 4 (2008) pp. 435-447
-------- -------- --- Thank You --- -------- --------


++++ PLEASE READ AND CITE THE FOLLOWING REFERENCE ++++
D. van der Spoel, E. Lindahl, B. Hess, G. Groenhof, A. E. Mark and H. J. C.
Berendsen
GROMACS: Fast, Flexible and Free
J. Comp. Chem. 26 (2005) pp. 1701-1719
-------- -------- --- Thank You --- -------- --------


++++ PLEASE READ AND CITE THE FOLLOWING REFERENCE ++++
E. Lindahl and B. Hess and D. van der Spoel
GROMACS 3.0: A package for molecular simulation and trajectory analysis
J. Mol. Mod. 7 (2001) pp. 306-317
-------- -------- --- Thank You --- -------- --------


++++ PLEASE READ AND CITE THE FOLLOWING REFERENCE ++++
H. J. C. Berendsen, D. van der Spoel and R. van Drunen
GROMACS: A message-passing parallel molecular dynamics implementation
Comp. Phys. Comm. 91 (1995) pp. 43-56
-------- -------- --- Thank You --- -------- --------

Input Parameters:
   integrator                     = md
   tinit                          = 0
   dt                             = 0.002
   nsteps                         = 100000
   init-step                      = 0
   simulation-part                = 1
   mts                            = false
   comm-mode                      = Linear
   nstcomm                        = 1
   bd-fric                        = 0
   ld-seed                        = -50872757
   emtol                          = 10
   emstep                         = 0.01
   niter                          = 20
   fcstep                         = 0
   nstcgsteep                     = 1000
   nbfgscorr                      = 10
   rtpi                           = 0.05
   nstxout                        = 0
   nstvout                        = 0
   nstfout                        = 0
   nstlog                         = 1000
   nstcalcenergy                  = 1
   nstenergy                      = 1000
   nstxout-compressed             = 1000
   compressed-x-precision         = 1000
   cutoff-scheme                  = Verlet
   nstlist                        = 10
   pbc                            = xyz
   periodic-molecules             = false
   verlet-buffer-tolerance        = 0.005
   rlist                          = 0.9
   coulombtype                    = PME
   coulomb-modifier               = Potential-shift
   rcoulomb-switch                = 0.89
   rcoulomb                       = 0.9
   epsilon-r                      = 1
   epsilon-rf                     = inf
   vdw-type                       = Cut-off
   vdw-modifier                   = Potential-switch
   rvdw-switch                    = 0.85
   rvdw                           = 0.9
   DispCorr                       = AllEnerPres
   table-extension                = 1
   fourierspacing                 = 0.1
   fourier-nx                     = 24
   fourier-ny                     = 24
   fourier-nz                     = 24
   pme-order                      = 4
   ewald-rtol                     = 1e-05
   ewald-rtol-lj                  = 0.001
   lj-pme-comb-rule               = Geometric
   ewald-geometry                 = 0
   epsilon-surface                = 0
   tcoupl                         = V-rescale
   nsttcouple                     = 1
   nh-chain-length                = 0
   print-nose-hoover-chain-variables = false
   pcoupl                         = No
   pcoupltype                     = Isotropic
   nstpcouple                     = -1
   tau-p                          = 1
   compressibility (3x3):
      compressibility[    0]={ 0.00000e+00,  0.00000e+00,  0.00000e+00}
      compressibility[    1]={ 0.00000e+00,  0.00000e+00,  0.00000e+00}
      compressibility[    2]={ 0.00000e+00,  0.00000e+00,  0.00000e+00}
   ref-p (3x3):
      ref-p[    0]={ 0.00000e+00,  0.00000e+00,  0.00000e+00}
      ref-p[    1]={ 0.00000e+00,  0.00000e+00,  0.00000e+00}
      ref-p[    2]={ 0.00000e+00,  0.00000e+00,  0.00000e+00}
   refcoord-scaling               = No
   posres-com (3):
      posres-com[0]= 0.00000e+00
      posres-com[1]= 0.00000e+00
      posres-com[2]= 0.00000e+00
   posres-comB (3):
      posres-comB[0]= 0.00000e+00
      posres-comB[1]= 0.00000e+00
      posres-comB[2]= 0.00000e+00
   QMMM                           = false
qm-opts:
   ngQM                           = 0
   constraint-algorithm           = Lincs
   continuation                   = false
   Shake-SOR                      = false
   shake-tol                      = 0.0001
   lincs-order                    = 12
   lincs-iter                     = 2
   lincs-warnangle                = 30
   nwall                          = 0
   wall-type                      = 9-3
   wall-r-linpot                  = -1
   wall-atomtype[0]               = -1
   wall-atomtype[1]               = -1
   wall-density[0]                = 0
   wall-density[1]                = 0
   wall-ewald-zfac                = 3
   pull                           = false
   awh                            = false
   rotation                       = false
   interactiveMD                  = false
   disre                          = No
   disre-weighting                = Conservative
   disre-mixed                    = false
   dr-fc                          = 1000
   dr-tau                         = 0
   nstdisreout                    = 100
   orire-fc                       = 0
   orire-tau                      = 0
   nstorireout                    = 100
   free-energy                    = no
   cos-acceleration               = 0
   deform (3x3):
      deform[    0]={ 0.00000e+00,  0.00000e+00,  0.00000e+00}
      deform[    1]={ 0.00000e+00,  0.00000e+00,  0.00000e+00}
      deform[    2]={ 0.00000e+00,  0.00000e+00,  0.00000e+00}
   simulated-tempering            = false
   swapcoords                     = no
   userint1                       = 0
   userint2                       = 0
   userint3                       = 0
   userint4                       = 0
   userreal1                      = 0
   userreal2                      = 0
   userreal3                      = 0
   userreal4                      = 0
   applied-forces:
     electric-field:
       x:
         E0                       = 0
         omega                    = 0
         t0                       = 0
         sigma                    = 0
       y:
         E0                       = 0
         omega                    = 0
         t0                       = 0
         sigma                    = 0
       z:
         E0                       = 0
         omega                    = 0
         t0                       = 0
         sigma                    = 0
     density-guided-simulation:
       active                     = false
       group                      = protein
       similarity-measure         = inner-product
       atom-spreading-weight      = unity
       force-constant             = 1e+09
       gaussian-transform-spreading-width = 0.2
       gaussian-transform-spreading-range-in-multiples-of-width = 4
       reference-density-filename = reference.mrc
       nst                        = 1
       normalize-densities        = true
       adaptive-force-scaling     = false
       adaptive-force-scaling-time-constant = 4
       shift-vector               = 
       transformation-matrix      = 
grpopts:
   nrdf:        2784
   ref-t:         298
   tau-t:         0.5
annealing:          No
annealing-npoints:           0
   acc:	           0           0           0
   nfreeze:           N           N           N
   energygrp-flags[  0]: 0

Changing nstlist from 10 to 40, rlist from 0.9 to 1


Initializing Domain Decomposition on 128 ranks
Dynamic load balancing: auto
Using update groups, nr 465, average size 3.0 atoms, max. radius 0.078 nm
Minimum cell size due to atom displacement: 0.244 nm
Scaling the initial minimum size with 1/0.8 (option -dds) = 1.25
Guess for relative PME load: 0.26
Will use 96 particle-particle and 32 PME only ranks
This is a guess, check the performance at the end of the log file
Using 32 separate PME ranks, as guessed by mdrun
Optimizing the DD grid for 96 cells with a minimum initial size of 0.305 nm
The maximum allowed number of cells is: X 7 Y 7 Z 7
Domain decomposition grid 4 x 6 x 4, separate PME ranks 32
PME domain decomposition: 4 x 8 x 1
Interleaving PP and PME ranks
This rank does only particle-particle work.
Domain decomposition rank 0, coordinates 0 0 0

The initial number of communication pulses is: X 2 Y 3 Z 2
The initial domain decomposition cell size is: X 0.60 nm Y 0.40 nm Z 0.60 nm

When dynamic load balancing gets turned on, these settings will change to:
The maximum number of communication pulses is: X 3 Y 4 Z 3
The minimum size for domain decomposition cells is 0.289 nm
The requested allowed shrink of DD cells (option -dds) is: 0.80
The allowed shrink of domain decomposition cells is: X 0.64 Y 0.72 Z 0.64

Using 128 MPI processes

Non-default thread affinity set, disabling internal thread affinity

Using 1 OpenMP thread per MPI process

System total charge: 0.000
Will do PME sum in reciprocal space for electrostatic interactions.

++++ PLEASE READ AND CITE THE FOLLOWING REFERENCE ++++
U. Essmann, L. Perera, M. L. Berkowitz, T. Darden, H. Lee and L. G. Pedersen 
A smooth particle mesh Ewald method
J. Chem. Phys. 103 (1995) pp. 8577-8592
-------- -------- --- Thank You --- -------- --------

Using a Gaussian width (1/beta) of 0.288146 nm for Ewald
Potential shift: LJ r^-12: 0.000e+00 r^-6: 0.000e+00, Ewald -1.111e-05
Initialized non-bonded Ewald tables, spacing: 8.85e-04 size: 1018

Long Range LJ corr.: <C6> 2.9234e-04 <C12> 2.9470e-07


Using SIMD 4x8 nonbonded short-range kernels

Using a dual 4x8 pair-list setup updated with dynamic pruning:
  outer list: updated every 40 steps, buffer 0.100 nm, rlist 1.000 nm
  inner list: updated every 11 steps, buffer 0.003 nm, rlist 0.903 nm
At tolerance 0.005 kJ/mol/ps per atom, equivalent classical 1x1 list would be:
  outer list: updated every 40 steps, buffer 0.211 nm, rlist 1.111 nm
  inner list: updated every 11 steps, buffer 0.042 nm, rlist 0.942 nm
Removing pbc first time

++++ PLEASE READ AND CITE THE FOLLOWING REFERENCE ++++
S. Miyamoto and P. A. Kollman
SETTLE: An Analytical Version of the SHAKE and RATTLE Algorithms for Rigid
Water Models
J. Comp. Chem. 13 (1992) pp. 952-962
-------- -------- --- Thank You --- -------- --------


Linking all bonded interactions to atoms


Intra-simulation communication will occur every 1 steps.

++++ PLEASE READ AND CITE THE FOLLOWING REFERENCE ++++
G. Bussi, D. Donadio and M. Parrinello
Canonical sampling through velocity rescaling
J. Chem. Phys. 126 (2007) pp. 014101
-------- -------- --- Thank You --- -------- --------

There are: 1393 Atoms
Atom distribution over 96 domains: av 14 stddev 6 min 6 max 24

Constraining the starting coordinates (step 0)

Constraining the coordinates at t0-dt (step 0)
Center of mass motion removal mode is Linear
We have the following groups for center of mass motion removal:
  0:  rest
RMS relative constraint deviation after constraining: 0.00e+00
Initial temperature: 295.786 K

Started mdrun on rank 0 Sun Mar 13 21:03:35 2022

           Step           Time
              0        0.00000

   Energies (kJ/mol)
        LJ (SR)  Disper. corr.   Coulomb (SR)   Coul. recip.      Potential
    3.95326e+03   -1.28283e+02   -2.55031e+04    8.86343e+01   -2.15895e+04
    Kinetic En.   Total Energy  Conserved En.    Temperature Pres. DC (bar)
    3.41991e+03   -1.81696e+04   -1.81580e+04    2.95489e+02   -1.53925e+02
 Pressure (bar)
    9.37492e+01


DD  step 39 load imb.: force 12.9%  pme mesh/force 1.797

DD  step 999 load imb.: force 14.0%  pme mesh/force 1.319
           Step           Time
           1000        2.00000

   Energies (kJ/mol)
        LJ (SR)  Disper. corr.   Coulomb (SR)   Coul. recip.      Potential
    2.63774e+03   -1.28283e+02   -2.12225e+04    1.72811e+02   -1.85403e+04
    Kinetic En.   Total Energy  Conserved En.    Temperature Pres. DC (bar)
    3.24562e+03   -1.52946e+04   -1.81463e+04    2.80430e+02   -1.53925e+02
 Pressure (bar)
   -2.15173e+02


DD  step 1999 load imb.: force 16.8%  pme mesh/force 1.321
           Step           Time
           2000        4.00000

   Energies (kJ/mol)
        LJ (SR)  Disper. corr.   Coulomb (SR)   Coul. recip.      Potential
    2.66584e+03   -1.28283e+02   -2.09793e+04    1.64869e+02   -1.82768e+04
    Kinetic En.   Total Energy  Conserved En.    Temperature Pres. DC (bar)
    3.48885e+03   -1.47880e+04   -1.81413e+04    3.01446e+02   -1.53925e+02
 Pressure (bar)
    3.94952e+02


DD  step 2999 load imb.: force 11.6%  pme mesh/force 1.398
           Step           Time
           3000        6.00000

   Energies (kJ/mol)
        LJ (SR)  Disper. corr.   Coulomb (SR)   Coul. recip.      Potential
    2.74244e+03   -1.28283e+02   -2.09498e+04    1.72194e+02   -1.81634e+04
    Kinetic En.   Total Energy  Conserved En.    Temperature Pres. DC (bar)
    3.40028e+03   -1.47631e+04   -1.81417e+04    2.93793e+02   -1.53925e+02
 Pressure (bar)
    7.36236e+02


DD  step 3999 load imb.: force 16.4%  pme mesh/force 1.334
           Step           Time
           4000        8.00000

   Energies (kJ/mol)
        LJ (SR)  Disper. corr.   Coulomb (SR)   Coul. recip.      Potential
    2.97531e+03   -1.28283e+02   -2.13204e+04    1.71861e+02   -1.83015e+04
    Kinetic En.   Total Energy  Conserved En.    Temperature Pres. DC (bar)
    3.43136e+03   -1.48702e+04   -1.81390e+04    2.96478e+02   -1.53925e+02
 Pressure (bar)
    1.59357e+03


DD  step 4999 load imb.: force 17.1%  pme mesh/force 1.287
           Step           Time
           5000       10.00000

   Energies (kJ/mol)
        LJ (SR)  Disper. corr.   Coulomb (SR)   Coul. recip.      Potential
    2.88285e+03   -1.28283e+02   -2.10326e+04    1.88039e+02   -1.80900e+04
    Kinetic En.   Total Energy  Conserved En.    Temperature Pres. DC (bar)
    3.21565e+03   -1.48744e+04   -1.81349e+04    2.77840e+02   -1.53925e+02
 Pressure (bar)
    1.60963e+03


DD  step 5999 load imb.: force 16.5%  pme mesh/force 1.318
           Step           Time
           6000       12.00000

   Energies (kJ/mol)
        LJ (SR)  Disper. corr.   Coulomb (SR)   Coul. recip.      Potential
    2.75360e+03   -1.28283e+02   -2.10895e+04    1.66795e+02   -1.82974e+04
    Kinetic En.   Total Energy  Conserved En.    Temperature Pres. DC (bar)
    3.45595e+03   -1.48415e+04   -1.81401e+04    2.98603e+02   -1.53925e+02
 Pressure (bar)
    7.62732e+02


DD  step 6999 load imb.: force 14.9%  pme mesh/force 1.379
           Step           Time
           7000       14.00000

   Energies (kJ/mol)
        LJ (SR)  Disper. corr.   Coulomb (SR)   Coul. recip.      Potential
    2.77434e+03   -1.28283e+02   -2.10656e+04    1.64943e+02   -1.82546e+04
    Kinetic En.   Total Energy  Conserved En.    Temperature Pres. DC (bar)
    3.37190e+03   -1.48826e+04   -1.81345e+04    2.91341e+02   -1.53925e+02
 Pressure (bar)
    9.09996e+02


DD  step 7999 load imb.: force 13.5%  pme mesh/force 1.378
           Step           Time
           8000       16.00000

   Energies (kJ/mol)
        LJ (SR)  Disper. corr.   Coulomb (SR)   Coul. recip.      Potential
    2.91567e+03   -1.28283e+02   -2.13300e+04    1.61897e+02   -1.83807e+04
    Kinetic En.   Total Energy  Conserved En.    Temperature Pres. DC (bar)
    3.38393e+03   -1.49968e+04   -1.81342e+04    2.92380e+02   -1.53925e+02
 Pressure (bar)
    1.09824e+03


DD  step 8999 load imb.: force 15.4%  pme mesh/force 1.402
           Step           Time
           9000       18.00000

   Energies (kJ/mol)
        LJ (SR)  Disper. corr.   Coulomb (SR)   Coul. recip.      Potential
    2.78533e+03   -1.28283e+02   -2.09911e+04    1.52493e+02   -1.81816e+04
    Kinetic En.   Total Energy  Conserved En.    Temperature Pres. DC (bar)
    3.56043e+03   -1.46211e+04   -1.81396e+04    3.07630e+02   -1.53925e+02
 Pressure (bar)
    1.13915e+03


DD  step 9999 load imb.: force 18.5%  pme mesh/force 1.297
           Step           Time
          10000       20.00000

   Energies (kJ/mol)
        LJ (SR)  Disper. corr.   Coulomb (SR)   Coul. recip.      Potential
    2.76397e+03   -1.28283e+02   -2.09717e+04    1.64190e+02   -1.81718e+04
    Kinetic En.   Total Energy  Conserved En.    Temperature Pres. DC (bar)
    3.45692e+03   -1.47149e+04   -1.81370e+04    2.98686e+02   -1.53925e+02
 Pressure (bar)
    1.01663e+03


DD  step 10999 load imb.: force 11.5%  pme mesh/force 1.433
           Step           Time
          11000       22.00000

   Energies (kJ/mol)
        LJ (SR)  Disper. corr.   Coulomb (SR)   Coul. recip.      Potential
    2.72826e+03   -1.28283e+02   -2.09712e+04    1.73094e+02   -1.81982e+04
    Kinetic En.   Total Energy  Conserved En.    Temperature Pres. DC (bar)
    3.34545e+03   -1.48527e+04   -1.81430e+04    2.89055e+02   -1.53925e+02
 Pressure (bar)
    5.92366e+02


DD  step 11999 load imb.: force 13.5%  pme mesh/force 1.412
           Step           Time
          12000       24.00000

   Energies (kJ/mol)
        LJ (SR)  Disper. corr.   Coulomb (SR)   Coul. recip.      Potential
    2.53472e+03   -1.28283e+02   -2.07584e+04    1.71996e+02   -1.81799e+04
    Kinetic En.   Total Energy  Conserved En.    Temperature Pres. DC (bar)
    3.20865e+03   -1.49713e+04   -1.81333e+04    2.77235e+02   -1.53925e+02
 Pressure (bar)
    8.91923e+01


DD  step 12999 load imb.: force 17.0%  pme mesh/force 1.386
           Step           Time
          13000       26.00000

   Energies (kJ/mol)
        LJ (SR)  Disper. corr.   Coulomb (SR)   Coul. recip.      Potential
    2.79475e+03   -1.28283e+02   -2.10093e+04    1.64822e+02   -1.81780e+04
    Kinetic En.   Total Energy  Conserved En.    Temperature Pres. DC (bar)
    3.49698e+03   -1.46810e+04   -1.81355e+04    3.02148e+02   -1.53925e+02
 Pressure (bar)
    1.19577e+03


DD  step 13999 load imb.: force 17.8%  pme mesh/force 1.322
           Step           Time
          14000       28.00000

   Energies (kJ/mol)
        LJ (SR)  Disper. corr.   Coulomb (SR)   Coul. recip.      Potential
    2.50507e+03   -1.28283e+02   -2.05219e+04    1.74221e+02   -1.79709e+04
    Kinetic En.   Total Energy  Conserved En.    Temperature Pres. DC (bar)
    3.33219e+03   -1.46387e+04   -1.81333e+04    2.87909e+02   -1.53925e+02
 Pressure (bar)
    9.43367e+01


DD  step 14999 load imb.: force 13.4%  pme mesh/force 1.422
           Step           Time
          15000       30.00000

   Energies (kJ/mol)
        LJ (SR)  Disper. corr.   Coulomb (SR)   Coul. recip.      Potential
    2.46665e+03   -1.28283e+02   -2.04152e+04    1.75260e+02   -1.79016e+04
    Kinetic En.   Total Energy  Conserved En.    Temperature Pres. DC (bar)
    3.51442e+03   -1.43872e+04   -1.81264e+04    3.03655e+02   -1.53925e+02
 Pressure (bar)
    3.86978e+02


DD  step 15999 load imb.: force 13.7%  pme mesh/force 1.415
           Step           Time
          16000       32.00000

   Energies (kJ/mol)
        LJ (SR)  Disper. corr.   Coulomb (SR)   Coul. recip.      Potential
    2.78870e+03   -1.28283e+02   -2.11242e+04    1.71367e+02   -1.82924e+04
    Kinetic En.   Total Energy  Conserved En.    Temperature Pres. DC (bar)
    3.47735e+03   -1.48151e+04   -1.81377e+04    3.00452e+02   -1.53925e+02
 Pressure (bar)
    8.21321e+02


DD  step 16999 load imb.: force 14.6%  pme mesh/force 1.413
           Step           Time
          17000       34.00000

   Energies (kJ/mol)
        LJ (SR)  Disper. corr.   Coulomb (SR)   Coul. recip.      Potential
    2.77111e+03   -1.28283e+02   -2.11222e+04    1.70431e+02   -1.83089e+04
    Kinetic En.   Total Energy  Conserved En.    Temperature Pres. DC (bar)
    3.59813e+03   -1.47108e+04   -1.81378e+04    3.10888e+02   -1.53925e+02
 Pressure (bar)
    8.55015e+02


DD  step 17999 load imb.: force 17.7%  pme mesh/force 1.387
           Step           Time
          18000       36.00000

   Energies (kJ/mol)
        LJ (SR)  Disper. corr.   Coulomb (SR)   Coul. recip.      Potential
    2.72824e+03   -1.28283e+02   -2.09335e+04    1.75087e+02   -1.81584e+04
    Kinetic En.   Total Energy  Conserved En.    Temperature Pres. DC (bar)
    3.44637e+03   -1.47121e+04   -1.81359e+04    2.97775e+02   -1.53925e+02
 Pressure (bar)
    8.56244e+02


DD  step 18999 load imb.: force 12.0%  pme mesh/force 1.650
           Step           Time
          19000       38.00000

   Energies (kJ/mol)
        LJ (SR)  Disper. corr.   Coulomb (SR)   Coul. recip.      Potential
    2.61445e+03   -1.28283e+02   -2.11125e+04    1.69355e+02   -1.84570e+04
    Kinetic En.   Total Energy  Conserved En.    Temperature Pres. DC (bar)
    3.47033e+03   -1.49866e+04   -1.81298e+04    2.99845e+02   -1.53925e+02
 Pressure (bar)
   -2.01992e+02


DD  step 19999 load imb.: force 13.2%  pme mesh/force 1.667
           Step           Time
          20000       40.00000

   Energies (kJ/mol)
        LJ (SR)  Disper. corr.   Coulomb (SR)   Coul. recip.      Potential
    2.88538e+03   -1.28283e+02   -2.11529e+04    1.73172e+02   -1.82226e+04
    Kinetic En.   Total Energy  Conserved En.    Temperature Pres. DC (bar)
    3.24022e+03   -1.49824e+04   -1.81294e+04    2.79963e+02   -1.53925e+02
 Pressure (bar)
    1.33092e+03


DD  step 20999 load imb.: force 12.8%  pme mesh/force 1.297
           Step           Time
          21000       42.00000

   Energies (kJ/mol)
        LJ (SR)  Disper. corr.   Coulomb (SR)   Coul. recip.      Potential
    2.71676e+03   -1.28283e+02   -2.09784e+04    1.50662e+02   -1.82393e+04
    Kinetic En.   Total Energy  Conserved En.    Temperature Pres. DC (bar)
    3.37070e+03   -1.48686e+04   -1.81277e+04    2.91237e+02   -1.53925e+02
 Pressure (bar)
    7.83486e+02


DD  step 21999 load imb.: force 12.9%  pme mesh/force 1.394
           Step           Time
          22000       44.00000

   Energies (kJ/mol)
        LJ (SR)  Disper. corr.   Coulomb (SR)   Coul. recip.      Potential
    2.95120e+03   -1.28283e+02   -2.12052e+04    1.66155e+02   -1.82162e+04
    Kinetic En.   Total Energy  Conserved En.    Temperature Pres. DC (bar)
    3.50898e+03   -1.47072e+04   -1.81327e+04    3.03185e+02   -1.53925e+02
 Pressure (bar)
    1.69590e+03


DD  step 22999 load imb.: force 16.6%  pme mesh/force 1.421
           Step           Time
          23000       46.00000

   Energies (kJ/mol)
        LJ (SR)  Disper. corr.   Coulomb (SR)   Coul. recip.      Potential
    2.74906e+03   -1.28283e+02   -2.09259e+04    1.75029e+02   -1.81301e+04
    Kinetic En.   Total Energy  Conserved En.    Temperature Pres. DC (bar)
    3.24669e+03   -1.48834e+04   -1.81284e+04    2.80523e+02   -1.53925e+02
 Pressure (bar)
    8.26283e+02


DD  step 23999 load imb.: force 10.9%  pme mesh/force 1.410
           Step           Time
          24000       48.00000

   Energies (kJ/mol)
        LJ (SR)  Disper. corr.   Coulomb (SR)   Coul. recip.      Potential
    2.59091e+03   -1.28283e+02   -2.05962e+04    1.86598e+02   -1.79470e+04
    Kinetic En.   Total Energy  Conserved En.    Temperature Pres. DC (bar)
    3.39189e+03   -1.45551e+04   -1.81343e+04    2.93068e+02   -1.53925e+02
 Pressure (bar)
    7.34291e+02


DD  step 24999 load imb.: force 13.7%  pme mesh/force 1.387
           Step           Time
          25000       50.00000

   Energies (kJ/mol)
        LJ (SR)  Disper. corr.   Coulomb (SR)   Coul. recip.      Potential
    2.48705e+03   -1.28283e+02   -2.08026e+04    1.60917e+02   -1.82829e+04
    Kinetic En.   Total Energy  Conserved En.    Temperature Pres. DC (bar)
    3.53010e+03   -1.47528e+04   -1.81297e+04    3.05010e+02   -1.53925e+02
 Pressure (bar)
   -2.53470e+02


DD  step 25999 load imb.: force 10.3%  pme mesh/force 1.405
           Step           Time
          26000       52.00000

   Energies (kJ/mol)
        LJ (SR)  Disper. corr.   Coulomb (SR)   Coul. recip.      Potential
    2.59211e+03   -1.28283e+02   -2.07581e+04    1.69576e+02   -1.81247e+04
    Kinetic En.   Total Energy  Conserved En.    Temperature Pres. DC (bar)
    3.41132e+03   -1.47134e+04   -1.81304e+04    2.94747e+02   -1.53925e+02
 Pressure (bar)
    2.73270e+02


DD  step 26999 load imb.: force 11.6%  pme mesh/force 1.411
           Step           Time
          27000       54.00000

   Energies (kJ/mol)
        LJ (SR)  Disper. corr.   Coulomb (SR)   Coul. recip.      Potential
    2.72413e+03   -1.28283e+02   -2.06976e+04    1.62567e+02   -1.79392e+04
    Kinetic En.   Total Energy  Conserved En.    Temperature Pres. DC (bar)
    3.45033e+03   -1.44889e+04   -1.81326e+04    2.98117e+02   -1.53925e+02
 Pressure (bar)
    1.15472e+03


DD  step 27999 load imb.: force 11.4%  pme mesh/force 1.436
           Step           Time
          28000       56.00000

   Energies (kJ/mol)
        LJ (SR)  Disper. corr.   Coulomb (SR)   Coul. recip.      Potential
    2.63147e+03   -1.28283e+02   -2.09037e+04    1.80539e+02   -1.82200e+04
    Kinetic En.   Total Energy  Conserved En.    Temperature Pres. DC (bar)
    3.47923e+03   -1.47408e+04   -1.81276e+04    3.00614e+02   -1.53925e+02
 Pressure (bar)
    3.36156e+02


DD  step 28999 load imb.: force 16.0%  pme mesh/force 1.358
           Step           Time
          29000       58.00000

   Energies (kJ/mol)
        LJ (SR)  Disper. corr.   Coulomb (SR)   Coul. recip.      Potential
    2.70337e+03   -1.28283e+02   -2.08331e+04    1.51530e+02   -1.81065e+04
    Kinetic En.   Total Energy  Conserved En.    Temperature Pres. DC (bar)
    3.57600e+03   -1.45305e+04   -1.81365e+04    3.08976e+02   -1.53925e+02
 Pressure (bar)
    9.35328e+02


DD  step 29999 load imb.: force 15.0%  pme mesh/force 1.373
           Step           Time
          30000       60.00000

   Energies (kJ/mol)
        LJ (SR)  Disper. corr.   Coulomb (SR)   Coul. recip.      Potential
    2.76791e+03   -1.28283e+02   -2.09666e+04    1.63854e+02   -1.81631e+04
    Kinetic En.   Total Energy  Conserved En.    Temperature Pres. DC (bar)
    3.62603e+03   -1.45371e+04   -1.81258e+04    3.13299e+02   -1.53925e+02
 Pressure (bar)
    1.13963e+03


DD  step 30999 load imb.: force 16.9%  pme mesh/force 1.296
           Step           Time
          31000       62.00000

   Energies (kJ/mol)
        LJ (SR)  Disper. corr.   Coulomb (SR)   Coul. recip.      Potential
    2.50440e+03   -1.28283e+02   -2.05049e+04    1.71793e+02   -1.79570e+04
    Kinetic En.   Total Energy  Conserved En.    Temperature Pres. DC (bar)
    3.54503e+03   -1.44120e+04   -1.81289e+04    3.06300e+02   -1.53925e+02
 Pressure (bar)
    4.50750e+02


DD  step 31999 load imb.: force 13.8%  pme mesh/force 1.384
           Step           Time
          32000       64.00000

   Energies (kJ/mol)
        LJ (SR)  Disper. corr.   Coulomb (SR)   Coul. recip.      Potential
    2.75775e+03   -1.28283e+02   -2.07103e+04    1.87697e+02   -1.78931e+04
    Kinetic En.   Total Energy  Conserved En.    Temperature Pres. DC (bar)
    3.51782e+03   -1.43753e+04   -1.81314e+04    3.03949e+02   -1.53925e+02
 Pressure (bar)
    1.67259e+03


DD  step 32999 load imb.: force 10.6%  pme mesh/force 1.472
           Step           Time
          33000       66.00000

   Energies (kJ/mol)
        LJ (SR)  Disper. corr.   Coulomb (SR)   Coul. recip.      Potential
    2.69730e+03   -1.28283e+02   -2.06843e+04    1.63879e+02   -1.79514e+04
    Kinetic En.   Total Energy  Conserved En.    Temperature Pres. DC (bar)
    3.49289e+03   -1.44585e+04   -1.81334e+04    3.01794e+02   -1.53925e+02
 Pressure (bar)
    1.08469e+03


DD  step 33999 load imb.: force 11.5%  pme mesh/force 1.403
           Step           Time
          34000       68.00000

   Energies (kJ/mol)
        LJ (SR)  Disper. corr.   Coulomb (SR)   Coul. recip.      Potential
    2.98158e+03   -1.28283e+02   -2.12563e+04    1.72207e+02   -1.82308e+04
    Kinetic En.   Total Energy  Conserved En.    Temperature Pres. DC (bar)
    3.49471e+03   -1.47361e+04   -1.81228e+04    3.01952e+02   -1.53925e+02
 Pressure (bar)
    1.69601e+03


DD  step 34999 load imb.: force 13.4%  pme mesh/force 1.420
           Step           Time
          35000       70.00000

   Energies (kJ/mol)
        LJ (SR)  Disper. corr.   Coulomb (SR)   Coul. recip.      Potential
    2.73544e+03   -1.28283e+02   -2.10972e+04    1.65618e+02   -1.83244e+04
    Kinetic En.   Total Energy  Conserved En.    Temperature Pres. DC (bar)
    3.41487e+03   -1.49095e+04   -1.81323e+04    2.95054e+02   -1.53925e+02
 Pressure (bar)
    6.09452e+02


DD  step 35999 load imb.: force 18.7%  pme mesh/force 1.351
           Step           Time
          36000       72.00000

   Energies (kJ/mol)
        LJ (SR)  Disper. corr.   Coulomb (SR)   Coul. recip.      Potential
    2.90067e+03   -1.28283e+02   -2.12947e+04    1.39669e+02   -1.83827e+04
    Kinetic En.   Total Energy  Conserved En.    Temperature Pres. DC (bar)
    3.42574e+03   -1.49569e+04   -1.81302e+04    2.95992e+02   -1.53925e+02
 Pressure (bar)
    1.24482e+03


DD  step 36999 load imb.: force 13.9%  pme mesh/force 1.400
           Step           Time
          37000       74.00000

   Energies (kJ/mol)
        LJ (SR)  Disper. corr.   Coulomb (SR)   Coul. recip.      Potential
    2.79794e+03   -1.28283e+02   -2.10445e+04    1.57625e+02   -1.82172e+04
    Kinetic En.   Total Energy  Conserved En.    Temperature Pres. DC (bar)
    3.47270e+03   -1.47445e+04   -1.81151e+04    3.00050e+02   -1.53925e+02
 Pressure (bar)
    1.03107e+03


DD  step 37999 load imb.: force 11.2%  pme mesh/force 1.415
           Step           Time
          38000       76.00000

   Energies (kJ/mol)
        LJ (SR)  Disper. corr.   Coulomb (SR)   Coul. recip.      Potential
    2.57277e+03   -1.28283e+02   -2.07270e+04    1.65195e+02   -1.81173e+04
    Kinetic En.   Total Energy  Conserved En.    Temperature Pres. DC (bar)
    3.53368e+03   -1.45836e+04   -1.81277e+04    3.05319e+02   -1.53925e+02
 Pressure (bar)
    5.25020e+02


DD  step 38999 load imb.: force 17.9%  pme mesh/force 1.292
           Step           Time
          39000       78.00000

   Energies (kJ/mol)
        LJ (SR)  Disper. corr.   Coulomb (SR)   Coul. recip.      Potential
    2.65671e+03   -1.28283e+02   -2.09096e+04    1.70029e+02   -1.82111e+04
    Kinetic En.   Total Energy  Conserved En.    Temperature Pres. DC (bar)
    3.53367e+03   -1.46774e+04   -1.81304e+04    3.05318e+02   -1.53925e+02
 Pressure (bar)
    5.78135e+02


DD  step 39999 load imb.: force 10.5%  pme mesh/force 1.454
           Step           Time
          40000       80.00000

   Energies (kJ/mol)
        LJ (SR)  Disper. corr.   Coulomb (SR)   Coul. recip.      Potential
    2.86551e+03   -1.28283e+02   -2.12710e+04    1.76572e+02   -1.83572e+04
    Kinetic En.   Total Energy  Conserved En.    Temperature Pres. DC (bar)
    3.52705e+03   -1.48302e+04   -1.81260e+04    3.04746e+02   -1.53925e+02
 Pressure (bar)
    9.61057e+02


DD  step 40999 load imb.: force 17.1%  pme mesh/force 1.359
           Step           Time
          41000       82.00000

   Energies (kJ/mol)
        LJ (SR)  Disper. corr.   Coulomb (SR)   Coul. recip.      Potential
    2.77985e+03   -1.28283e+02   -2.09502e+04    1.73274e+02   -1.81253e+04
    Kinetic En.   Total Energy  Conserved En.    Temperature Pres. DC (bar)
    3.51551e+03   -1.46098e+04   -1.81203e+04    3.03749e+02   -1.53925e+02
 Pressure (bar)
    1.12023e+03


DD  step 41999 load imb.: force 15.2%  pme mesh/force 1.376
           Step           Time
          42000       84.00000

   Energies (kJ/mol)
        LJ (SR)  Disper. corr.   Coulomb (SR)   Coul. recip.      Potential
    2.85704e+03   -1.28283e+02   -2.11822e+04    1.68810e+02   -1.82847e+04
    Kinetic En.   Total Energy  Conserved En.    Temperature Pres. DC (bar)
    3.48543e+03   -1.47993e+04   -1.81288e+04    3.01150e+02   -1.53925e+02
 Pressure (bar)
    1.07255e+03


DD  step 42999 load imb.: force 15.3%  pme mesh/force 1.342
           Step           Time
          43000       86.00000

   Energies (kJ/mol)
        LJ (SR)  Disper. corr.   Coulomb (SR)   Coul. recip.      Potential
    2.82083e+03   -1.28283e+02   -2.11412e+04    1.56419e+02   -1.82922e+04
    Kinetic En.   Total Energy  Conserved En.    Temperature Pres. DC (bar)
    3.49519e+03   -1.47970e+04   -1.81250e+04    3.01993e+02   -1.53925e+02
 Pressure (bar)
    8.67084e+02


DD  step 43999 load imb.: force 12.3%  pme mesh/force 1.421
           Step           Time
          44000       88.00000

   Energies (kJ/mol)
        LJ (SR)  Disper. corr.   Coulomb (SR)   Coul. recip.      Potential
    2.85108e+03   -1.28283e+02   -2.09503e+04    1.65806e+02   -1.80617e+04
    Kinetic En.   Total Energy  Conserved En.    Temperature Pres. DC (bar)
    3.62115e+03   -1.44405e+04   -1.81208e+04    3.12876e+02   -1.53925e+02
 Pressure (bar)
    1.47885e+03


DD  step 44999 load imb.: force 11.5%  pme mesh/force 1.430
           Step           Time
          45000       90.00000

   Energies (kJ/mol)
        LJ (SR)  Disper. corr.   Coulomb (SR)   Coul. recip.      Potential
    2.59191e+03   -1.28283e+02   -2.08278e+04    1.60819e+02   -1.82033e+04
    Kinetic En.   Total Energy  Conserved En.    Temperature Pres. DC (bar)
    3.48072e+03   -1.47226e+04   -1.81246e+04    3.00743e+02   -1.53925e+02
 Pressure (bar)
    2.92481e+02


DD  step 45999 load imb.: force 10.9%  pme mesh/force 1.435
           Step           Time
          46000       92.00000

   Energies (kJ/mol)
        LJ (SR)  Disper. corr.   Coulomb (SR)   Coul. recip.      Potential
    2.85965e+03   -1.28283e+02   -2.09909e+04    1.70345e+02   -1.80892e+04
    Kinetic En.   Total Energy  Conserved En.    Temperature Pres. DC (bar)
    3.36915e+03   -1.47200e+04   -1.81116e+04    2.91103e+02   -1.53925e+02
 Pressure (bar)
    1.47307e+03

step 46040: timed with pme grid 24 24 24, coulomb cutoff 0.900: 6.9 M-cycles
step 46040: the box size limits the PME load balancing to a coulomb cut-off of 1.080
step 46120: timed with pme grid 20 20 20, coulomb cutoff 1.080: 8.1 M-cycles
step 46200: timed with pme grid 24 24 24, coulomb cutoff 0.900: 6.5 M-cycles
step 46280: timed with pme grid 24 24 24, coulomb cutoff 0.900: 6.5 M-cycles
              optimal pme grid 24 24 24, coulomb cutoff 0.900

DD  step 46999 load imb.: force 11.3%  pme mesh/force 1.384
           Step           Time
          47000       94.00000

   Energies (kJ/mol)
        LJ (SR)  Disper. corr.   Coulomb (SR)   Coul. recip.      Potential
    2.92302e+03   -1.28283e+02   -2.10222e+04    1.89957e+02   -1.80375e+04
    Kinetic En.   Total Energy  Conserved En.    Temperature Pres. DC (bar)
    3.33866e+03   -1.46988e+04   -1.81237e+04    2.88469e+02   -1.53925e+02
 Pressure (bar)
    1.78705e+03


DD  step 47999 load imb.: force 11.1%  pme mesh/force 1.454
           Step           Time
          48000       96.00000

   Energies (kJ/mol)
        LJ (SR)  Disper. corr.   Coulomb (SR)   Coul. recip.      Potential
    2.67995e+03   -1.28283e+02   -2.08729e+04    1.59992e+02   -1.81613e+04
    Kinetic En.   Total Energy  Conserved En.    Temperature Pres. DC (bar)
    3.47504e+03   -1.46862e+04   -1.81232e+04    3.00252e+02   -1.53925e+02
 Pressure (bar)
    8.31888e+02


DD  step 48999 load imb.: force 10.1%  pme mesh/force 1.476
           Step           Time
          49000       98.00000

   Energies (kJ/mol)
        LJ (SR)  Disper. corr.   Coulomb (SR)   Coul. recip.      Potential
    2.48793e+03   -1.28283e+02   -2.06837e+04    1.77749e+02   -1.81463e+04
    Kinetic En.   Total Energy  Conserved En.    Temperature Pres. DC (bar)
    3.53871e+03   -1.46076e+04   -1.81222e+04    3.05753e+02   -1.53925e+02
 Pressure (bar)
    2.47087e+01


DD  step 49999 load imb.: force 10.7%  pme mesh/force 1.438
           Step           Time
          50000      100.00000

   Energies (kJ/mol)
        LJ (SR)  Disper. corr.   Coulomb (SR)   Coul. recip.      Potential
    2.64211e+03   -1.28283e+02   -2.07068e+04    1.80411e+02   -1.80125e+04
    Kinetic En.   Total Energy  Conserved En.    Temperature Pres. DC (bar)
    3.47522e+03   -1.45373e+04   -1.81186e+04    3.00268e+02   -1.53925e+02
 Pressure (bar)
    7.70800e+02


DD  step 50999 load imb.: force 11.4%  pme mesh/force 1.444
           Step           Time
          51000      102.00000

   Energies (kJ/mol)
        LJ (SR)  Disper. corr.   Coulomb (SR)   Coul. recip.      Potential
    2.50762e+03   -1.28283e+02   -2.05102e+04    1.79530e+02   -1.79513e+04
    Kinetic En.   Total Energy  Conserved En.    Temperature Pres. DC (bar)
    3.38037e+03   -1.45709e+04   -1.81188e+04    2.92072e+02   -1.53925e+02
 Pressure (bar)
    4.83625e+02


DD  step 51999 load imb.: force 11.7%  pme mesh/force 1.460
           Step           Time
          52000      104.00000

   Energies (kJ/mol)
        LJ (SR)  Disper. corr.   Coulomb (SR)   Coul. recip.      Potential
    2.76438e+03   -1.28283e+02   -2.09506e+04    1.76788e+02   -1.81377e+04
    Kinetic En.   Total Energy  Conserved En.    Temperature Pres. DC (bar)
    3.47207e+03   -1.46656e+04   -1.81169e+04    2.99996e+02   -1.53925e+02
 Pressure (bar)
    1.18878e+03


DD  step 52999 load imb.: force 11.6%  pme mesh/force 1.510
           Step           Time
          53000      106.00000

   Energies (kJ/mol)
        LJ (SR)  Disper. corr.   Coulomb (SR)   Coul. recip.      Potential
    2.84982e+03   -1.28283e+02   -2.12499e+04    1.50497e+02   -1.83778e+04
    Kinetic En.   Total Energy  Conserved En.    Temperature Pres. DC (bar)
    3.49583e+03   -1.48820e+04   -1.81195e+04    3.02049e+02   -1.53925e+02
 Pressure (bar)
    1.08213e+03


DD  step 53999 load imb.: force 13.4%  pme mesh/force 1.440
           Step           Time
          54000      108.00000

   Energies (kJ/mol)
        LJ (SR)  Disper. corr.   Coulomb (SR)   Coul. recip.      Potential
    2.59091e+03   -1.28283e+02   -2.06931e+04    1.59718e+02   -1.80707e+04
    Kinetic En.   Total Energy  Conserved En.    Temperature Pres. DC (bar)
    3.46813e+03   -1.46026e+04   -1.81140e+04    2.99655e+02   -1.53925e+02
 Pressure (bar)
    4.74387e+02


DD  step 54999 load imb.: force 17.0%  pme mesh/force 1.364
           Step           Time
          55000      110.00000

   Energies (kJ/mol)
        LJ (SR)  Disper. corr.   Coulomb (SR)   Coul. recip.      Potential
    2.78211e+03   -1.28283e+02   -2.09563e+04    1.44852e+02   -1.81576e+04
    Kinetic En.   Total Energy  Conserved En.    Temperature Pres. DC (bar)
    3.46671e+03   -1.46909e+04   -1.81164e+04    2.99532e+02   -1.53925e+02
 Pressure (bar)
    1.13525e+03


DD  step 55999 load imb.: force 16.2%  pme mesh/force 1.412
           Step           Time
          56000      112.00000

   Energies (kJ/mol)
        LJ (SR)  Disper. corr.   Coulomb (SR)   Coul. recip.      Potential
    2.87237e+03   -1.28283e+02   -2.13424e+04    1.58867e+02   -1.84395e+04
    Kinetic En.   Total Energy  Conserved En.    Temperature Pres. DC (bar)
    3.44318e+03   -1.49963e+04   -1.81205e+04    2.97500e+02   -1.53925e+02
 Pressure (bar)
    7.88253e+02


DD  step 56999 load imb.: force 15.0%  pme mesh/force 1.430
           Step           Time
          57000      114.00000

   Energies (kJ/mol)
        LJ (SR)  Disper. corr.   Coulomb (SR)   Coul. recip.      Potential
    2.68072e+03   -1.28283e+02   -2.09818e+04    1.55870e+02   -1.82735e+04
    Kinetic En.   Total Energy  Conserved En.    Temperature Pres. DC (bar)
    3.46365e+03   -1.48098e+04   -1.81223e+04    2.99268e+02   -1.53925e+02
 Pressure (bar)
    4.78088e+02


DD  step 57999 load imb.: force 17.9%  pme mesh/force 1.367
           Step           Time
          58000      116.00000

   Energies (kJ/mol)
        LJ (SR)  Disper. corr.   Coulomb (SR)   Coul. recip.      Potential
    2.57594e+03   -1.28283e+02   -2.07666e+04    1.58864e+02   -1.81601e+04
    Kinetic En.   Total Energy  Conserved En.    Temperature Pres. DC (bar)
    3.51253e+03   -1.46475e+04   -1.81190e+04    3.03492e+02   -1.53925e+02
 Pressure (bar)
    5.36478e+02


DD  step 58999 load imb.: force 14.2%  pme mesh/force 1.400
           Step           Time
          59000      118.00000

   Energies (kJ/mol)
        LJ (SR)  Disper. corr.   Coulomb (SR)   Coul. recip.      Potential
    2.58323e+03   -1.28283e+02   -2.08250e+04    1.49891e+02   -1.82201e+04
    Kinetic En.   Total Energy  Conserved En.    Temperature Pres. DC (bar)
    3.71663e+03   -1.45035e+04   -1.81189e+04    3.21126e+02   -1.53925e+02
 Pressure (bar)
    3.64586e+02


DD  step 59999 load imb.: force 15.1%  pme mesh/force 1.448
           Step           Time
          60000      120.00000

   Energies (kJ/mol)
        LJ (SR)  Disper. corr.   Coulomb (SR)   Coul. recip.      Potential
    2.74116e+03   -1.28283e+02   -2.09236e+04    1.58190e+02   -1.81525e+04
    Kinetic En.   Total Energy  Conserved En.    Temperature Pres. DC (bar)
    3.47684e+03   -1.46757e+04   -1.81239e+04    3.00408e+02   -1.53925e+02
 Pressure (bar)
    9.79792e+02


DD  step 60999 load imb.: force 12.5%  pme mesh/force 1.416
           Step           Time
          61000      122.00000

   Energies (kJ/mol)
        LJ (SR)  Disper. corr.   Coulomb (SR)   Coul. recip.      Potential
    2.74632e+03   -1.28283e+02   -2.11999e+04    1.59754e+02   -1.84221e+04
    Kinetic En.   Total Energy  Conserved En.    Temperature Pres. DC (bar)
    3.48122e+03   -1.49409e+04   -1.81137e+04    3.00786e+02   -1.53925e+02
 Pressure (bar)
    6.98734e+02


DD  step 61999 load imb.: force 16.3%  pme mesh/force 1.413
           Step           Time
          62000      124.00000

   Energies (kJ/mol)
        LJ (SR)  Disper. corr.   Coulomb (SR)   Coul. recip.      Potential
    2.75186e+03   -1.28283e+02   -2.10922e+04    1.65538e+02   -1.83031e+04
    Kinetic En.   Total Energy  Conserved En.    Temperature Pres. DC (bar)
    3.40151e+03   -1.49016e+04   -1.81249e+04    2.93899e+02   -1.53925e+02
 Pressure (bar)
    6.64319e+02


DD  step 62999 load imb.: force 13.5%  pme mesh/force 1.468
           Step           Time
          63000      126.00000

   Energies (kJ/mol)
        LJ (SR)  Disper. corr.   Coulomb (SR)   Coul. recip.      Potential
    2.61956e+03   -1.28283e+02   -2.06056e+04    1.81464e+02   -1.79328e+04
    Kinetic En.   Total Energy  Conserved En.    Temperature Pres. DC (bar)
    3.31996e+03   -1.46129e+04   -1.81103e+04    2.86853e+02   -1.53925e+02
 Pressure (bar)
    7.13363e+02


DD  step 63999 load imb.: force 11.2%  pme mesh/force 1.448
           Step           Time
          64000      128.00000

   Energies (kJ/mol)
        LJ (SR)  Disper. corr.   Coulomb (SR)   Coul. recip.      Potential
    2.53724e+03   -1.28283e+02   -2.05851e+04    1.65424e+02   -1.80107e+04
    Kinetic En.   Total Energy  Conserved En.    Temperature Pres. DC (bar)
    3.39191e+03   -1.46188e+04   -1.81151e+04    2.93070e+02   -1.53925e+02
 Pressure (bar)
    5.63926e+02


DD  step 64999 load imb.: force 12.9%  pme mesh/force 1.465
           Step           Time
          65000      130.00000

   Energies (kJ/mol)
        LJ (SR)  Disper. corr.   Coulomb (SR)   Coul. recip.      Potential
    2.82887e+03   -1.28283e+02   -2.08184e+04    1.66101e+02   -1.79517e+04
    Kinetic En.   Total Energy  Conserved En.    Temperature Pres. DC (bar)
    3.56356e+03   -1.43881e+04   -1.81207e+04    3.07900e+02   -1.53925e+02
 Pressure (bar)
    1.68823e+03


DD  step 65999 load imb.: force 14.1%  pme mesh/force 1.454
           Step           Time
          66000      132.00000

   Energies (kJ/mol)
        LJ (SR)  Disper. corr.   Coulomb (SR)   Coul. recip.      Potential
    2.68766e+03   -1.28283e+02   -2.06703e+04    1.66169e+02   -1.79447e+04
    Kinetic En.   Total Energy  Conserved En.    Temperature Pres. DC (bar)
    3.54087e+03   -1.44039e+04   -1.81127e+04    3.05940e+02   -1.53925e+02
 Pressure (bar)
    1.17592e+03


DD  step 66999 load imb.: force 10.3%  pme mesh/force 1.506
           Step           Time
          67000      134.00000

   Energies (kJ/mol)
        LJ (SR)  Disper. corr.   Coulomb (SR)   Coul. recip.      Potential
    2.63954e+03   -1.28283e+02   -2.07579e+04    1.54866e+02   -1.80917e+04
    Kinetic En.   Total Energy  Conserved En.    Temperature Pres. DC (bar)
    3.48917e+03   -1.46026e+04   -1.81144e+04    3.01473e+02   -1.53925e+02
 Pressure (bar)
    6.03050e+02


DD  step 67999 load imb.: force  8.6%  pme mesh/force 1.544
           Step           Time
          68000      136.00000

   Energies (kJ/mol)
        LJ (SR)  Disper. corr.   Coulomb (SR)   Coul. recip.      Potential
    2.89041e+03   -1.28283e+02   -2.10360e+04    1.58765e+02   -1.81151e+04
    Kinetic En.   Total Energy  Conserved En.    Temperature Pres. DC (bar)
    3.60052e+03   -1.45145e+04   -1.81117e+04    3.11095e+02   -1.53925e+02
 Pressure (bar)
    1.77411e+03


DD  step 68999 load imb.: force 14.4%  pme mesh/force 1.474
           Step           Time
          69000      138.00000

   Energies (kJ/mol)
        LJ (SR)  Disper. corr.   Coulomb (SR)   Coul. recip.      Potential
    2.59696e+03   -1.28283e+02   -2.09245e+04    1.39067e+02   -1.83168e+04
    Kinetic En.   Total Energy  Conserved En.    Temperature Pres. DC (bar)
    3.44627e+03   -1.48705e+04   -1.81089e+04    2.97767e+02   -1.53925e+02
 Pressure (bar)
    2.87451e+02


DD  step 69999 load imb.: force 49.7%  pme mesh/force 1.097
           Step           Time
          70000      140.00000

   Energies (kJ/mol)
        LJ (SR)  Disper. corr.   Coulomb (SR)   Coul. recip.      Potential
    2.49409e+03   -1.28283e+02   -2.08248e+04    1.50890e+02   -1.83081e+04
    Kinetic En.   Total Energy  Conserved En.    Temperature Pres. DC (bar)
    3.27084e+03   -1.50373e+04   -1.81126e+04    2.82609e+02   -1.53925e+02
 Pressure (bar)
   -2.30996e+02


DD  step 70999 load imb.: force 10.3%  pme mesh/force 1.388
           Step           Time
          71000      142.00000

   Energies (kJ/mol)
        LJ (SR)  Disper. corr.   Coulomb (SR)   Coul. recip.      Potential
    2.52373e+03   -1.28283e+02   -2.08050e+04    1.72760e+02   -1.82367e+04
    Kinetic En.   Total Energy  Conserved En.    Temperature Pres. DC (bar)
    3.47907e+03   -1.47577e+04   -1.81067e+04    3.00601e+02   -1.53925e+02
 Pressure (bar)
   -1.13910e+01


DD  step 71999 load imb.: force 11.0%  pme mesh/force 1.452
           Step           Time
          72000      144.00000

   Energies (kJ/mol)
        LJ (SR)  Disper. corr.   Coulomb (SR)   Coul. recip.      Potential
    2.69547e+03   -1.28283e+02   -2.09069e+04    1.71076e+02   -1.81686e+04
    Kinetic En.   Total Energy  Conserved En.    Temperature Pres. DC (bar)
    3.37191e+03   -1.47967e+04   -1.81117e+04    2.91342e+02   -1.53925e+02
 Pressure (bar)
    5.48962e+02


DD  step 72999 load imb.: force 13.1%  pme mesh/force 1.415
           Step           Time
          73000      146.00000

   Energies (kJ/mol)
        LJ (SR)  Disper. corr.   Coulomb (SR)   Coul. recip.      Potential
    3.03072e+03   -1.28283e+02   -2.12975e+04    1.65426e+02   -1.82297e+04
    Kinetic En.   Total Energy  Conserved En.    Temperature Pres. DC (bar)
    3.36326e+03   -1.48664e+04   -1.81073e+04    2.90594e+02   -1.53925e+02
 Pressure (bar)
    1.84642e+03


DD  step 73999 load imb.: force 16.5%  pme mesh/force 1.383
           Step           Time
          74000      148.00000

   Energies (kJ/mol)
        LJ (SR)  Disper. corr.   Coulomb (SR)   Coul. recip.      Potential
    2.71715e+03   -1.28283e+02   -2.10081e+04    1.74426e+02   -1.82448e+04
    Kinetic En.   Total Energy  Conserved En.    Temperature Pres. DC (bar)
    3.42519e+03   -1.48196e+04   -1.81149e+04    2.95945e+02   -1.53925e+02
 Pressure (bar)
    6.17284e+02


DD  step 74999 load imb.: force 13.7%  pme mesh/force 1.419
           Step           Time
          75000      150.00000

   Energies (kJ/mol)
        LJ (SR)  Disper. corr.   Coulomb (SR)   Coul. recip.      Potential
    2.75379e+03   -1.28283e+02   -2.09380e+04    1.68903e+02   -1.81436e+04
    Kinetic En.   Total Energy  Conserved En.    Temperature Pres. DC (bar)
    3.45869e+03   -1.46849e+04   -1.81097e+04    2.98839e+02   -1.53925e+02
 Pressure (bar)
    9.27579e+02


DD  step 75999 load imb.: force 11.1%  pme mesh/force 1.343
           Step           Time
          76000      152.00000

   Energies (kJ/mol)
        LJ (SR)  Disper. corr.   Coulomb (SR)   Coul. recip.      Potential
    2.96023e+03   -1.28283e+02   -2.10717e+04    1.67229e+02   -1.80725e+04
    Kinetic En.   Total Energy  Conserved En.    Temperature Pres. DC (bar)
    3.47367e+03   -1.45988e+04   -1.81190e+04    3.00134e+02   -1.53925e+02
 Pressure (bar)
    1.91203e+03


DD  step 76999 load imb.: force 14.3%  pme mesh/force 1.397
           Step           Time
          77000      154.00000

   Energies (kJ/mol)
        LJ (SR)  Disper. corr.   Coulomb (SR)   Coul. recip.      Potential
    2.79523e+03   -1.28283e+02   -2.10771e+04    1.67319e+02   -1.82428e+04
    Kinetic En.   Total Energy  Conserved En.    Temperature Pres. DC (bar)
    3.56445e+03   -1.46784e+04   -1.81098e+04    3.07978e+02   -1.53925e+02
 Pressure (bar)
    9.40724e+02


DD  step 77999 load imb.: force 20.2%  pme mesh/force 1.097
           Step           Time
          78000      156.00000

   Energies (kJ/mol)
        LJ (SR)  Disper. corr.   Coulomb (SR)   Coul. recip.      Potential
    2.97546e+03   -1.28283e+02   -2.12569e+04    1.67046e+02   -1.82426e+04
    Kinetic En.   Total Energy  Conserved En.    Temperature Pres. DC (bar)
    3.49623e+03   -1.47464e+04   -1.81106e+04    3.02083e+02   -1.53925e+02
 Pressure (bar)
    1.79925e+03


DD  step 78999 load imb.: force 15.9%  pme mesh/force 1.782
           Step           Time
          79000      158.00000

   Energies (kJ/mol)
        LJ (SR)  Disper. corr.   Coulomb (SR)   Coul. recip.      Potential
    3.00620e+03   -1.28283e+02   -2.11572e+04    1.67079e+02   -1.81122e+04
    Kinetic En.   Total Energy  Conserved En.    Temperature Pres. DC (bar)
    3.40683e+03   -1.47053e+04   -1.81058e+04    2.94358e+02   -1.53925e+02
 Pressure (bar)
    2.02593e+03


DD  step 79999 load imb.: force 12.6%  pme mesh/force 1.431
           Step           Time
          80000      160.00000

   Energies (kJ/mol)
        LJ (SR)  Disper. corr.   Coulomb (SR)   Coul. recip.      Potential
    2.59470e+03   -1.28283e+02   -2.09723e+04    1.47120e+02   -1.83588e+04
    Kinetic En.   Total Energy  Conserved En.    Temperature Pres. DC (bar)
    3.59711e+03   -1.47617e+04   -1.81180e+04    3.10800e+02   -1.53925e+02
 Pressure (bar)
    9.17197e+01


DD  step 80999 load imb.: force 12.3%  pme mesh/force 1.489
           Step           Time
          81000      162.00000

   Energies (kJ/mol)
        LJ (SR)  Disper. corr.   Coulomb (SR)   Coul. recip.      Potential
    2.87779e+03   -1.28283e+02   -2.10502e+04    1.60968e+02   -1.81397e+04
    Kinetic En.   Total Energy  Conserved En.    Temperature Pres. DC (bar)
    3.44868e+03   -1.46911e+04   -1.81111e+04    2.97974e+02   -1.53925e+02
 Pressure (bar)
    1.32622e+03


DD  step 81999 load imb.: force 13.3%  pme mesh/force 1.484
           Step           Time
          82000      164.00000

   Energies (kJ/mol)
        LJ (SR)  Disper. corr.   Coulomb (SR)   Coul. recip.      Potential
    2.72077e+03   -1.28283e+02   -2.09083e+04    1.66013e+02   -1.81498e+04
    Kinetic En.   Total Energy  Conserved En.    Temperature Pres. DC (bar)
    3.49271e+03   -1.46571e+04   -1.81137e+04    3.01779e+02   -1.53925e+02
 Pressure (bar)
    9.89934e+02


DD  step 82999 load imb.: force 11.5%  pme mesh/force 1.479
           Step           Time
          83000      166.00000

   Energies (kJ/mol)
        LJ (SR)  Disper. corr.   Coulomb (SR)   Coul. recip.      Potential
    2.74211e+03   -1.28283e+02   -2.09238e+04    1.57721e+02   -1.81522e+04
    Kinetic En.   Total Energy  Conserved En.    Temperature Pres. DC (bar)
    3.37324e+03   -1.47790e+04   -1.81172e+04    2.91457e+02   -1.53925e+02
 Pressure (bar)
    1.06486e+03


DD  step 83999 load imb.: force 13.0%  pme mesh/force 1.485
           Step           Time
          84000      168.00000

   Energies (kJ/mol)
        LJ (SR)  Disper. corr.   Coulomb (SR)   Coul. recip.      Potential
    2.62306e+03   -1.28283e+02   -2.09864e+04    1.79568e+02   -1.83120e+04
    Kinetic En.   Total Energy  Conserved En.    Temperature Pres. DC (bar)
    3.47435e+03   -1.48377e+04   -1.81080e+04    3.00193e+02   -1.53925e+02
 Pressure (bar)
    1.24859e+02


DD  step 84999 load imb.: force 10.0%  pme mesh/force 1.532
           Step           Time
          85000      170.00000

   Energies (kJ/mol)
        LJ (SR)  Disper. corr.   Coulomb (SR)   Coul. recip.      Potential
    2.71485e+03   -1.28283e+02   -2.08075e+04    1.70593e+02   -1.80504e+04
    Kinetic En.   Total Energy  Conserved En.    Temperature Pres. DC (bar)
    3.40716e+03   -1.46432e+04   -1.81072e+04    2.94387e+02   -1.53925e+02
 Pressure (bar)
    1.03351e+03


DD  step 85999 load imb.: force 10.6%  pme mesh/force 1.471
           Step           Time
          86000      172.00000

   Energies (kJ/mol)
        LJ (SR)  Disper. corr.   Coulomb (SR)   Coul. recip.      Potential
    2.67132e+03   -1.28283e+02   -2.10819e+04    1.48557e+02   -1.83903e+04
    Kinetic En.   Total Energy  Conserved En.    Temperature Pres. DC (bar)
    3.22898e+03   -1.51613e+04   -1.81072e+04    2.78993e+02   -1.53925e+02
 Pressure (bar)
    1.38060e+02


DD  step 86999 load imb.: force 14.1%  pme mesh/force 1.466
           Step           Time
          87000      174.00000

   Energies (kJ/mol)
        LJ (SR)  Disper. corr.   Coulomb (SR)   Coul. recip.      Potential
    2.42354e+03   -1.28283e+02   -2.06302e+04    1.75600e+02   -1.81594e+04
    Kinetic En.   Total Energy  Conserved En.    Temperature Pres. DC (bar)
    3.28029e+03   -1.48791e+04   -1.81087e+04    2.83425e+02   -1.53925e+02
 Pressure (bar)
   -2.57378e+02


DD  step 87999 load imb.: force 12.6%  pme mesh/force 1.456
           Step           Time
          88000      176.00000

   Energies (kJ/mol)
        LJ (SR)  Disper. corr.   Coulomb (SR)   Coul. recip.      Potential
    2.82196e+03   -1.28283e+02   -2.10994e+04    1.38300e+02   -1.82674e+04
    Kinetic En.   Total Energy  Conserved En.    Temperature Pres. DC (bar)
    3.56004e+03   -1.47074e+04   -1.81099e+04    3.07597e+02   -1.53925e+02
 Pressure (bar)
    1.28630e+03


DD  step 88999 load imb.: force 17.6%  pme mesh/force 1.400
           Step           Time
          89000      178.00000

   Energies (kJ/mol)
        LJ (SR)  Disper. corr.   Coulomb (SR)   Coul. recip.      Potential
    2.73630e+03   -1.28283e+02   -2.10478e+04    1.76637e+02   -1.82631e+04
    Kinetic En.   Total Energy  Conserved En.    Temperature Pres. DC (bar)
    3.54950e+03   -1.47136e+04   -1.81012e+04    3.06686e+02   -1.53925e+02
 Pressure (bar)
    8.22033e+02


DD  step 89999 load imb.: force 16.8%  pme mesh/force 1.363
           Step           Time
          90000      180.00000

   Energies (kJ/mol)
        LJ (SR)  Disper. corr.   Coulomb (SR)   Coul. recip.      Potential
    2.61569e+03   -1.28283e+02   -2.08605e+04    1.66850e+02   -1.82062e+04
    Kinetic En.   Total Energy  Conserved En.    Temperature Pres. DC (bar)
    3.51354e+03   -1.46927e+04   -1.81126e+04    3.03579e+02   -1.53925e+02
 Pressure (bar)
    3.52539e+02


DD  step 90999 load imb.: force 17.1%  pme mesh/force 1.336
           Step           Time
          91000      182.00000

   Energies (kJ/mol)
        LJ (SR)  Disper. corr.   Coulomb (SR)   Coul. recip.      Potential
    2.72341e+03   -1.28283e+02   -2.10183e+04    1.65039e+02   -1.82582e+04
    Kinetic En.   Total Energy  Conserved En.    Temperature Pres. DC (bar)
    3.34716e+03   -1.49110e+04   -1.81014e+04    2.89204e+02   -1.53925e+02
 Pressure (bar)
    8.01159e+02


DD  step 91999 load imb.: force 14.2%  pme mesh/force 1.387
           Step           Time
          92000      184.00000

   Energies (kJ/mol)
        LJ (SR)  Disper. corr.   Coulomb (SR)   Coul. recip.      Potential
    2.92845e+03   -1.28283e+02   -2.09842e+04    1.83756e+02   -1.80003e+04
    Kinetic En.   Total Energy  Conserved En.    Temperature Pres. DC (bar)
    3.46071e+03   -1.45396e+04   -1.81061e+04    2.99014e+02   -1.53925e+02
 Pressure (bar)
    1.77516e+03


DD  step 92999 load imb.: force 13.3%  pme mesh/force 1.378
           Step           Time
          93000      186.00000

   Energies (kJ/mol)
        LJ (SR)  Disper. corr.   Coulomb (SR)   Coul. recip.      Potential
    2.73654e+03   -1.28283e+02   -2.08737e+04    1.57568e+02   -1.81079e+04
    Kinetic En.   Total Energy  Conserved En.    Temperature Pres. DC (bar)
    3.33480e+03   -1.47731e+04   -1.81051e+04    2.88135e+02   -1.53925e+02
 Pressure (bar)
    9.71555e+02


DD  step 93999 load imb.: force 13.5%  pme mesh/force 1.408
           Step           Time
          94000      188.00000

   Energies (kJ/mol)
        LJ (SR)  Disper. corr.   Coulomb (SR)   Coul. recip.      Potential
    2.95766e+03   -1.28283e+02   -2.12192e+04    1.66715e+02   -1.82231e+04
    Kinetic En.   Total Energy  Conserved En.    Temperature Pres. DC (bar)
    3.49080e+03   -1.47323e+04   -1.80972e+04    3.01614e+02   -1.53925e+02
 Pressure (bar)
    1.52774e+03


DD  step 94999 load imb.: force 12.7%  pme mesh/force 1.478
           Step           Time
          95000      190.00000

   Energies (kJ/mol)
        LJ (SR)  Disper. corr.   Coulomb (SR)   Coul. recip.      Potential
    2.78058e+03   -1.28283e+02   -2.09963e+04    1.41468e+02   -1.82026e+04
    Kinetic En.   Total Energy  Conserved En.    Temperature Pres. DC (bar)
    3.35231e+03   -1.48502e+04   -1.80977e+04    2.89648e+02   -1.53925e+02
 Pressure (bar)
    1.16492e+03


DD  step 95999 load imb.: force 11.2%  pme mesh/force 1.362
           Step           Time
          96000      192.00000

   Energies (kJ/mol)
        LJ (SR)  Disper. corr.   Coulomb (SR)   Coul. recip.      Potential
    2.69178e+03   -1.28283e+02   -2.08230e+04    1.52687e+02   -1.81068e+04
    Kinetic En.   Total Energy  Conserved En.    Temperature Pres. DC (bar)
    3.58269e+03   -1.45241e+04   -1.81015e+04    3.09553e+02   -1.53925e+02
 Pressure (bar)
    8.38089e+02


DD  step 96999 load imb.: force 10.4%  pme mesh/force 1.376
           Step           Time
          97000      194.00000

   Energies (kJ/mol)
        LJ (SR)  Disper. corr.   Coulomb (SR)   Coul. recip.      Potential
    2.88750e+03   -1.28283e+02   -2.10164e+04    1.76184e+02   -1.80810e+04
    Kinetic En.   Total Energy  Conserved En.    Temperature Pres. DC (bar)
    3.48513e+03   -1.45959e+04   -1.80926e+04    3.01124e+02   -1.53925e+02
 Pressure (bar)
    1.70355e+03


DD  step 97999 load imb.: force 15.5%  pme mesh/force 1.184
           Step           Time
          98000      196.00000

   Energies (kJ/mol)
        LJ (SR)  Disper. corr.   Coulomb (SR)   Coul. recip.      Potential
    2.83676e+03   -1.28283e+02   -2.08657e+04    1.83079e+02   -1.79741e+04
    Kinetic En.   Total Energy  Conserved En.    Temperature Pres. DC (bar)
    3.52357e+03   -1.44506e+04   -1.80993e+04    3.04446e+02   -1.53925e+02
 Pressure (bar)
    1.51604e+03


DD  step 98999 load imb.: force 14.3%  pme mesh/force 1.452
           Step           Time
          99000      198.00000

   Energies (kJ/mol)
        LJ (SR)  Disper. corr.   Coulomb (SR)   Coul. recip.      Potential
    2.97754e+03   -1.28283e+02   -2.11645e+04    1.56332e+02   -1.81589e+04
    Kinetic En.   Total Energy  Conserved En.    Temperature Pres. DC (bar)
    3.37527e+03   -1.47837e+04   -1.80961e+04    2.91632e+02   -1.53925e+02
 Pressure (bar)
    1.85498e+03


DD  step 99999 load imb.: force 13.7%  pme mesh/force 1.296
           Step           Time
         100000      200.00000

Writing checkpoint, step 100000 at Sun Mar 13 21:03:46 2022


   Energies (kJ/mol)
        LJ (SR)  Disper. corr.   Coulomb (SR)   Coul. recip.      Potential
    2.86412e+03   -1.28283e+02   -2.11639e+04    1.66239e+02   -1.82618e+04
    Kinetic En.   Total Energy  Conserved En.    Temperature Pres. DC (bar)
    3.32734e+03   -1.49345e+04   -1.80986e+04    2.87491e+02   -1.53925e+02
 Pressure (bar)
    1.13147e+03


Energy conservation over simulation part #1 of length 200 ns, time 0 to 200 ns
  Conserved energy drift: 2.13e-04 kJ/mol/ps per atom


	<======  ###############  ==>
	<====  A V E R A G E S  ====>
	<==  ###############  ======>

	Statistics over 100001 steps using 100001 frames

   Energies (kJ/mol)
        LJ (SR)  Disper. corr.   Coulomb (SR)   Coul. recip.      Potential
    2.73212e+03   -1.28283e+02   -2.09408e+04    1.68433e+02   -1.81685e+04
    Kinetic En.   Total Energy  Conserved En.    Temperature Pres. DC (bar)
    3.43809e+03   -1.47304e+04   -1.81204e+04    2.97060e+02   -1.53925e+02
 Pressure (bar)
    8.82937e+02

   Total Virial (kJ/mol)
    7.78630e+02   -2.06693e+00   -3.48224e+00
   -2.06609e+00    7.73195e+02    3.43745e+00
   -3.47480e+00    3.45101e+00    7.83696e+02

   Pressure (bar)
    8.86270e+02    2.35713e+00    8.43859e+00
    2.35513e+00    8.98916e+02   -7.09232e+00
    8.42072e+00   -7.12490e+00    8.63625e+02


       P P   -   P M E   L O A D   B A L A N C I N G

 PP/PME load balancing changed the cut-off and PME settings:
           particle-particle                    PME
            rcoulomb  rlist            grid      spacing   1/beta
   initial  0.900 nm  0.903 nm      24  24  24   0.100 nm  0.288 nm
   final    0.900 nm  0.903 nm      24  24  24   0.100 nm  0.288 nm
 cost-ratio           1.00             1.00
 (note that these numbers concern only part of the total PP and PME load)


	M E G A - F L O P S   A C C O U N T I N G

 NB=Group-cutoff nonbonded kernels    NxN=N-by-N cluster Verlet kernels
 RF=Reaction-Field  VdW=Van der Waals  QSTab=quadratic-spline table
 W3=SPC/TIP3p  W4=TIP4p (single or pairs)
 V&F=Potential and force  V=Potential only  F=Force only

 Computing:                               M-Number         M-Flops  % Flops
-----------------------------------------------------------------------------
 Pair Search distance check            1569.062338       14121.561     0.2
 NxN Ewald Elec. + LJ [V&F]           41570.856992     5279498.838    57.6
 NxN LJ [V&F]                             8.126720         511.983     0.0
 NxN Ewald Elec. [V&F]                40726.142144     3420995.940    37.3
 Calc Weights                           417.904179       15044.550     0.2
 Spread Q Bspline                      8915.289152       17830.578     0.2
 Gather F Bspline                      8915.289152       53491.735     0.6
 3D-FFT                               38015.952934      304127.623     3.3
 Solve PME                              460.691968       29484.286     0.3
 Reset In Box                             3.483893          10.452     0.0
 CG-CoM                                   3.485286          10.456     0.0
 Virial                                 571.305713       10283.503     0.1
 Stop-CM                                139.302786        1393.028     0.0
 Calc-Ekin                              139.302786        3761.175     0.0
 Constraint-V                           139.202784        1252.825     0.0
 Constraint-Vir                         139.201392        3340.833     0.0
 Settle                                  46.401392       17168.515     0.2
-----------------------------------------------------------------------------
 Total                                                 9172327.883   100.0
-----------------------------------------------------------------------------


    D O M A I N   D E C O M P O S I T I O N   S T A T I S T I C S

 av. #atoms communicated per step for force:  2 x 25245.7


Dynamic load balancing report:
 DLB was off during the run due to low measured imbalance.
 Average load imbalance: 14.4%.
 The balanceable part of the MD step is 33%, load imbalance is computed from this.
 Part of the total run time spent waiting due to load imbalance: 4.7%.
 Average PME mesh/force load: 1.397
 Part of the total run time spent waiting due to PP/PME imbalance: 7.5 %

NOTE: 7.5 % performance was lost because the PME ranks
      had more work to do than the PP ranks.
      You might want to increase the number of PME ranks
      or increase the cut-off and the grid spacing.


     R E A L   C Y C L E   A N D   T I M E   A C C O U N T I N G

On 96 MPI ranks doing PP, and
on 32 MPI ranks doing PME

 Computing:          Num   Num      Call    Wall time         Giga-Cycles
                     Ranks Threads  Count      (s)         total sum    %
-----------------------------------------------------------------------------
 Domain decomp.        96    1       2501       0.220         47.505   1.5
 DD comm. load         96    1        102       0.001          0.176   0.0
 Send X to PME         96    1     100001       0.113         24.394   0.8
 Neighbor search       96    1       2501       0.166         35.871   1.1
 Comm. coord.          96    1      97500       1.392        300.068   9.4
 Force                 96    1     100001       2.387        514.695  16.0
 Wait + Comm. F        96    1     100001       2.000        431.119  13.4
 PME mesh *            32    1     100001       6.625        476.072  14.8
 PME wait for PP *                              4.244        304.971   9.5
 Wait + Recv. PME F    96    1     100001       1.605        346.053  10.8
 NB X/F buffer ops.    96    1     295001       0.253         54.536   1.7
 Write traj.           96    1        101       0.008          1.641   0.1
 Update                96    1     100001       0.100         21.646   0.7
 Constraints           96    1     100003       0.077         16.606   0.5
 Comm. energies        96    1     100001       2.517        542.687  16.9
 Rest                                           0.324         69.878   2.2
-----------------------------------------------------------------------------
 Total                                         11.164       3209.164 100.0
-----------------------------------------------------------------------------
(*) Note that with separate PME ranks, the walltime column actually sums to
    twice the total reported, but the cycle count total and % are correct.
-----------------------------------------------------------------------------
 Breakdown of PME mesh computation
-----------------------------------------------------------------------------
 PME redist. X/F       32    1     200002       2.075        149.085   4.6
 PME spread            32    1     100001       0.778         55.910   1.7
 PME gather            32    1     100001       0.727         52.247   1.6
 PME 3D-FFT            32    1     200002       0.740         53.170   1.7
 PME 3D-FFT Comm.      32    1     400004       2.059        147.972   4.6
 PME solve Elec        32    1     100001       0.202         14.503   0.5
-----------------------------------------------------------------------------

NOTE: 17 % of the run time was spent communicating energies,
      you might want to increase some nst* mdp options

               Core t (s)   Wall t (s)        (%)
       Time:     1428.935       11.164    12799.1
                 (ns/day)    (hour/ns)
Performance:     1547.805        0.016
Finished mdrun on rank 0 Sun Mar 13 21:03:46 2022

